Log file open, 02/25/20 23:48:44
LogWindows: Failed to load 'aqProf.dll' (GetLastError=126)
LogWindows: File 'aqProf.dll' does not exist
LogWindows: Failed to load 'VtuneApi.dll' (GetLastError=126)
LogWindows: File 'VtuneApi.dll' does not exist
LogWindows: Failed to load 'VtuneApi32e.dll' (GetLastError=126)
LogWindows: File 'VtuneApi32e.dll' does not exist
LogConsoleResponse: Display: Failed to find resolution value strings in scalability ini. Falling back to default.
LogInit: Display: Running engine for game: Project
LogPlatformFile: Not using cached read wrapper
LogTaskGraph: Started task graph with 5 named threads and 35 total threads with 3 sets of task threads.
LogStats: Stats thread started at 0.066363
LogD3D11RHI: Loaded GFSDK_Aftermath_Lib.x64.dll
LogICUInternationalization: ICU TimeZone Detection - Raw Offset: +3:00, Platform Override: ''
LogPluginManager: Mounting plugin Paper2D
LogPluginManager: Mounting plugin AISupport
LogPluginManager: Mounting plugin LightPropagationVolume
LogPluginManager: Mounting plugin ActorLayerUtilities
LogPluginManager: Mounting plugin AnimationSharing
LogPluginManager: Mounting plugin CLionSourceCodeAccess
LogPluginManager: Mounting plugin CodeLiteSourceCodeAccess
LogPluginManager: Mounting plugin GitSourceControl
LogPluginManager: Mounting plugin KDevelopSourceCodeAccess
LogPluginManager: Mounting plugin NullSourceCodeAccess
LogPluginManager: Mounting plugin PerforceSourceControl
LogPluginManager: Mounting plugin PlasticSourceControl
LogPluginManager: Mounting plugin SubversionSourceControl
LogPluginManager: Mounting plugin UObjectPlugin
LogPluginManager: Mounting plugin VisualStudioCodeSourceCodeAccess
LogPluginManager: Mounting plugin VisualStudioSourceCodeAccess
LogPluginManager: Mounting plugin XCodeSourceCodeAccess
LogPluginManager: Mounting plugin AssetManagerEditor
LogPluginManager: Mounting plugin CryptoKeys
LogPluginManager: Mounting plugin CurveEditorTools
LogPluginManager: Mounting plugin DataValidation
LogPluginManager: Mounting plugin FacialAnimation
LogPluginManager: Mounting plugin GameplayTagsEditor
LogPluginManager: Mounting plugin MacGraphicsSwitching
LogPluginManager: Mounting plugin MaterialAnalyzer
LogPluginManager: Mounting plugin MobileLauncherProfileWizard
LogPluginManager: Mounting plugin PluginBrowser
LogPluginManager: Mounting plugin SpeedTreeImporter
LogPluginManager: Mounting plugin DatasmithContent
LogPluginManager: Mounting plugin VariantManagerContent
LogPluginManager: Mounting plugin AlembicImporter
LogPluginManager: Mounting plugin AutomationUtils
LogPluginManager: Mounting plugin BackChannel
LogPluginManager: Mounting plugin CharacterAI
LogPluginManager: Mounting plugin GeometryCache
LogPluginManager: Mounting plugin PlatformCrypto
LogPluginManager: Mounting plugin ProxyLODPlugin
LogPluginManager: Mounting plugin SkeletalReduction
LogPluginManager: Mounting plugin MagicLeap
LogPluginManager: Mounting plugin MagicLeapMedia
LogPluginManager: Mounting plugin MLSDK
LogPluginManager: Mounting plugin AndroidMedia
LogPluginManager: Mounting plugin AvfMedia
LogPluginManager: Mounting plugin ImgMedia
LogPluginManager: Mounting plugin MediaCompositing
LogPluginManager: Mounting plugin MediaPlayerEditor
LogPluginManager: Mounting plugin WebMMedia
LogPluginManager: Mounting plugin WmfMedia
LogPluginManager: Mounting plugin TcpMessaging
LogPluginManager: Mounting plugin UdpMessaging
LogPluginManager: Mounting plugin ActorSequence
LogPluginManager: Mounting plugin LevelSequenceEditor
LogPluginManager: Mounting plugin MatineeToLevelSequence
LogPluginManager: Mounting plugin NetcodeUnitTest
LogPluginManager: Mounting plugin NUTUnrealEngine4
LogPluginManager: Mounting plugin OnlineSubsystemGooglePlay
LogPluginManager: Mounting plugin OnlineSubsystemIOS
LogPluginManager: Mounting plugin OnlineSubsystem
LogPluginManager: Mounting plugin OnlineSubsystemNull
LogPluginManager: Mounting plugin OnlineSubsystemUtils
LogPluginManager: Mounting plugin LauncherChunkInstaller
LogPluginManager: Mounting plugin AndroidDeviceProfileSelector
LogPluginManager: Mounting plugin AndroidMoviePlayer
LogPluginManager: Mounting plugin AndroidPermission
LogPluginManager: Mounting plugin AppleImageUtils
LogPluginManager: Mounting plugin AppleMoviePlayer
LogPluginManager: Mounting plugin ArchVisCharacter
LogPluginManager: Mounting plugin AssetTags
LogPluginManager: Mounting plugin AudioCapture
LogPluginManager: Mounting plugin CableComponent
LogPluginManager: Mounting plugin CustomMeshComponent
LogPluginManager: Mounting plugin EditableMesh
LogPluginManager: Mounting plugin ExampleDeviceProfileSelector
LogPluginManager: Mounting plugin GoogleCloudMessaging
LogPluginManager: Mounting plugin IOSDeviceProfileSelector
LogPluginManager: Mounting plugin LinuxDeviceProfileSelector
LogPluginManager: Mounting plugin LocationServicesBPLibrary
LogPluginManager: Mounting plugin MobilePatchingUtils
LogPluginManager: Mounting plugin OculusVR
LogPluginManager: Mounting plugin PhysXVehicles
LogPluginManager: Mounting plugin PostSplashScreen
LogPluginManager: Mounting plugin ProceduralMeshComponent
LogPluginManager: Mounting plugin RuntimePhysXCooking
LogPluginManager: Mounting plugin SignificanceManager
LogPluginManager: Mounting plugin SteamVR
LogPluginManager: Mounting plugin WebMMoviePlayer
LogPluginManager: Mounting plugin WindowsMoviePlayer
LogPluginManager: Mounting plugin ScreenshotTools
LogInit: Using libcurl 7.55.1-DEV
LogInit:  - built for x86_64-pc-win32
LogInit:  - supports SSL with OpenSSL/1.1.1
LogInit:  - supports HTTP deflate (compression) using libz 1.2.8
LogInit:  - other features:
LogInit:      CURL_VERSION_SSL
LogInit:      CURL_VERSION_LIBZ
LogInit:      CURL_VERSION_IPV6
LogInit:      CURL_VERSION_ASYNCHDNS
LogInit:      CURL_VERSION_LARGEFILE
LogInit:      CURL_VERSION_IDN
LogInit:  CurlRequestOptions (configurable via config and command line):
LogInit:  - bVerifyPeer = true  - Libcurl will verify peer certificate
LogInit:  - bUseHttpProxy = false  - Libcurl will NOT use HTTP proxy
LogInit:  - bDontReuseConnections = false  - Libcurl will reuse connections
LogInit:  - MaxHostConnections = 16  - Libcurl will limit the number of connections to a host
LogInit:  - LocalHostAddr = Default
LogInit:  - BufferSize = 65536
LogOnline: OSS: Creating online subsystem instance for: NULL
LogInit: WinSock: version 1.1 (2.2), MaxSocks=32767, MaxUdp=65467
LogOnline: OSS: TryLoadSubsystemAndSetDefault: Loaded subsystem for module [NULL]
LogHMD: Failed initializing OVRPlugin 1.40.0
LogInit: Build: ++UE4+Release-4.24-CL-11590370
LogInit: Engine Version: 4.24.3-11590370+++UE4+Release-4.24
LogInit: Compatible Engine Version: 4.24.0-10570792+++UE4+Release-4.24
LogInit: Net CL: 10570792
LogInit: OS: Windows 10 (Release 1909) (), CPU: AMD Ryzen 5 2600 Six-Core Processor            , GPU: NVIDIA GeForce GTX 1060 6GB
LogInit: Compiled (64-bit): Feb 24 2020 15:39:18
LogInit: Compiled with Visual C++: 19.16.27032.01
LogInit: Build Configuration: Development
LogInit: Branch Name: ++UE4+Release-4.24
LogInit: Command Line:  -EpicPortal -epicusername=Karnoksis -epicuserid=563197d9521b4546a96d2eee621b9f5c -epiclocale=ru
LogInit: Base Directory: D:/Unreal Engine Editor/UE_4.24/Engine/Binaries/Win64/
LogInit: Installed Engine Build: 1
LogDevObjectVersion: Number of dev versions registered: 25
LogDevObjectVersion:   Dev-Blueprints (B0D832E4-1F89-4F0D-ACCF-7EB736FD4AA2): 10
LogDevObjectVersion:   Dev-Build (E1C64328-A22C-4D53-A36C-8E866417BD8C): 0
LogDevObjectVersion:   Dev-Core (375EC13C-06E4-48FB-B500-84F0262A717E): 3
LogDevObjectVersion:   Dev-Editor (E4B068ED-F494-42E9-A231-DA0B2E46BB41): 37
LogDevObjectVersion:   Dev-Framework (CFFC743F-43B0-4480-9391-14DF171D2073): 36
LogDevObjectVersion:   Dev-Mobile (B02B49B5-BB20-44E9-A304-32B752E40360): 2
LogDevObjectVersion:   Dev-Networking (A4E4105C-59A1-49B5-A7C5-40C4547EDFEE): 0
LogDevObjectVersion:   Dev-Online (39C831C9-5AE6-47DC-9A44-9C173E1C8E7C): 0
LogDevObjectVersion:   Dev-Physics (78F01B33-EBEA-4F98-B9B4-84EACCB95AA2): 2
LogDevObjectVersion:   Dev-Platform (6631380F-2D4D-43E0-8009-CF276956A95A): 0
LogDevObjectVersion:   Dev-Rendering (12F88B9F-8875-4AFC-A67C-D90C383ABD29): 36
LogDevObjectVersion:   Dev-Sequencer (7B5AE74C-D270-4C10-A958-57980B212A5A): 11
LogDevObjectVersion:   Dev-VR (D7296918-1DD6-4BDD-9DE2-64A83CC13884): 2
LogDevObjectVersion:   Dev-LoadTimes (C2A15278-BFE7-4AFE-6C17-90FF531DF755): 1
LogDevObjectVersion:   Private-Geometry (6EACA3D4-40EC-4CC1-B786-8BED09428FC5): 3
LogDevObjectVersion:   Dev-AnimPhys (29E575DD-E0A3-4627-9D10-D276232CDCEA): 17
LogDevObjectVersion:   Dev-Anim (AF43A65D-7FD3-4947-9873-3E8ED9C1BB05): 2
LogDevObjectVersion:   Dev-ReflectionCapture (6B266CEC-1EC7-4B8F-A30B-E4D90942FC07): 1
LogDevObjectVersion:   Dev-Automation (0DF73D61-A23F-47EA-B727-89E90C41499A): 1
LogDevObjectVersion:   FortniteMain (601D1886-AC64-4F84-AA16-D3DE0DEAC7D6): 31
LogDevObjectVersion:   Dev-Enterprise (9DFFBCD6-494F-0158-E221-12823C92A888): 8
LogDevObjectVersion:   Dev-Niagara (F2AED0AC-9AFE-416F-8664-AA7FFA26D6FC): 1
LogDevObjectVersion:   Dev-Destruction (174F1F0B-B4C6-45A5-B13F-2EE8D0FB917D): 9
LogDevObjectVersion:   Dev-Physics-Ext (35F94A83-E258-406C-A318-09F59610247C): 8
LogDevObjectVersion:   Dev-CineCamera (B2E18506-4273-CFC2-A54E-F4BB758BBA07): 1
LogInit: Presizing for max 25165824 objects, including 0 objects not considered by GC, pre-allocating 0 bytes for permanent pool.
LogInit: Object subsystem initialized
LogConfig: Setting CVar [[con.DebugEarlyDefault:1]]
LogConfig: Setting CVar [[r.setres:1280x720]]
[2020.02.25-20.48.44:924][  0]LogConfig: Setting CVar [[r.VSync:0]]
[2020.02.25-20.48.44:924][  0]LogConfig: Setting CVar [[r.RHICmdBypass:0]]
[2020.02.25-20.48.44:924][  0]LogConfig: Applying CVar settings from Section [/Script/Engine.RendererSettings] File [D:/UE4 Projects/3DModels-UnrealEngine/Project/Saved/Config/Windows/Engine.ini]
[2020.02.25-20.48.44:924][  0]LogConfig: Setting CVar [[r.GPUCrashDebugging:0]]
[2020.02.25-20.48.44:924][  0]LogConfig: Applying CVar settings from Section [/Script/Engine.RendererOverrideSettings] File [D:/UE4 Projects/3DModels-UnrealEngine/Project/Saved/Config/Windows/Engine.ini]
[2020.02.25-20.48.44:924][  0]LogConfig: Applying CVar settings from Section [/Script/Engine.StreamingSettings] File [D:/UE4 Projects/3DModels-UnrealEngine/Project/Saved/Config/Windows/Engine.ini]
[2020.02.25-20.48.44:924][  0]LogConfig: Setting CVar [[s.MinBulkDataSizeForAsyncLoading:131072]]
[2020.02.25-20.48.44:924][  0]LogConfig: Setting CVar [[s.AsyncLoadingThreadEnabled:0]]
[2020.02.25-20.48.44:924][  0]LogConfig: Setting CVar [[s.EventDrivenLoaderEnabled:1]]
[2020.02.25-20.48.44:924][  0]LogConfig: Setting CVar [[s.WarnIfTimeLimitExceeded:0]]
[2020.02.25-20.48.44:924][  0]LogConfig: Setting CVar [[s.TimeLimitExceededMultiplier:1.5]]
[2020.02.25-20.48.44:924][  0]LogConfig: Setting CVar [[s.TimeLimitExceededMinTime:0.005]]
[2020.02.25-20.48.44:924][  0]LogConfig: Setting CVar [[s.UseBackgroundLevelStreaming:1]]
[2020.02.25-20.48.44:924][  0]LogConfig: Setting CVar [[s.PriorityAsyncLoadingExtraTime:15.0]]
[2020.02.25-20.48.44:924][  0]LogConfig: Setting CVar [[s.LevelStreamingActorsUpdateTimeLimit:5.0]]
[2020.02.25-20.48.44:924][  0]LogConfig: Setting CVar [[s.PriorityLevelStreamingActorsUpdateExtraTime:5.0]]
[2020.02.25-20.48.44:924][  0]LogConfig: Setting CVar [[s.LevelStreamingComponentsRegistrationGranularity:10]]
[2020.02.25-20.48.44:924][  0]LogConfig: Setting CVar [[s.UnregisterComponentsTimeLimit:1.0]]
[2020.02.25-20.48.44:924][  0]LogConfig: Setting CVar [[s.LevelStreamingComponentsUnregistrationGranularity:5]]
[2020.02.25-20.48.44:924][  0]LogConfig: Setting CVar [[s.FlushStreamingOnExit:1]]
[2020.02.25-20.48.44:924][  0]LogConfig: Applying CVar settings from Section [/Script/Engine.GarbageCollectionSettings] File [D:/UE4 Projects/3DModels-UnrealEngine/Project/Saved/Config/Windows/Engine.ini]
[2020.02.25-20.48.44:924][  0]LogConfig: Setting CVar [[gc.MaxObjectsNotConsideredByGC:1]]
[2020.02.25-20.48.44:924][  0]LogConfig: Setting CVar [[gc.SizeOfPermanentObjectPool:0]]
[2020.02.25-20.48.44:924][  0]LogConfig: Setting CVar [[gc.FlushStreamingOnGC:0]]
[2020.02.25-20.48.44:924][  0]LogConfig: Setting CVar [[gc.NumRetriesBeforeForcingGC:10]]
[2020.02.25-20.48.44:924][  0]LogConfig: Setting CVar [[gc.AllowParallelGC:1]]
[2020.02.25-20.48.44:924][  0]LogConfig: Setting CVar [[gc.TimeBetweenPurgingPendingKillObjects:61.1]]
[2020.02.25-20.48.44:924][  0]LogConfig: Setting CVar [[gc.MaxObjectsInEditor:25165824]]
[2020.02.25-20.48.44:924][  0]LogConfig: Setting CVar [[gc.IncrementalBeginDestroyEnabled:1]]
[2020.02.25-20.48.44:924][  0]LogConfig: Setting CVar [[gc.CreateGCClusters:1]]
[2020.02.25-20.48.44:924][  0]LogConfig: Setting CVar [[gc.MinGCClusterSize:5]]
[2020.02.25-20.48.44:924][  0]LogConfig: Setting CVar [[gc.ActorClusteringEnabled:0]]
[2020.02.25-20.48.44:924][  0]LogConfig: Setting CVar [[gc.BlueprintClusteringEnabled:0]]
[2020.02.25-20.48.44:924][  0]LogConfig: Setting CVar [[gc.UseDisregardForGCOnDedicatedServers:0]]
[2020.02.25-20.48.44:924][  0]LogConfig: Applying CVar settings from Section [/Script/Engine.NetworkSettings] File [D:/UE4 Projects/3DModels-UnrealEngine/Project/Saved/Config/Windows/Engine.ini]
[2020.02.25-20.48.44:924][  0]LogConfig: Applying CVar settings from Section [/Script/UnrealEd.CookerSettings] File [D:/UE4 Projects/3DModels-UnrealEngine/Project/Saved/Config/Windows/Engine.ini]
[2020.02.25-20.48.44:926][  0]LogConfig: Applying CVar settings from Section [ViewDistanceQuality@3] File [D:/UE4 Projects/3DModels-UnrealEngine/Project/Saved/Config/Windows/Scalability.ini]
[2020.02.25-20.48.44:926][  0]LogConfig: Setting CVar [[r.SkeletalMeshLODBias:0]]
[2020.02.25-20.48.44:926][  0]LogConfig: Setting CVar [[r.ViewDistanceScale:1.0]]
[2020.02.25-20.48.44:926][  0]LogConfig: Applying CVar settings from Section [AntiAliasingQuality@3] File [D:/UE4 Projects/3DModels-UnrealEngine/Project/Saved/Config/Windows/Scalability.ini]
[2020.02.25-20.48.44:926][  0]LogConfig: Setting CVar [[r.PostProcessAAQuality:4]]
[2020.02.25-20.48.44:926][  0]LogConfig: Applying CVar settings from Section [ShadowQuality@3] File [D:/UE4 Projects/3DModels-UnrealEngine/Project/Saved/Config/Windows/Scalability.ini]
[2020.02.25-20.48.44:926][  0]LogConfig: Setting CVar [[r.LightFunctionQuality:1]]
[2020.02.25-20.48.44:926][  0]LogConfig: Setting CVar [[r.ShadowQuality:5]]
[2020.02.25-20.48.44:926][  0]LogConfig: Setting CVar [[r.Shadow.CSM.MaxCascades:10]]
[2020.02.25-20.48.44:926][  0]LogConfig: Setting CVar [[r.Shadow.MaxResolution:2048]]
[2020.02.25-20.48.44:926][  0]LogConfig: Setting CVar [[r.Shadow.MaxCSMResolution:2048]]
[2020.02.25-20.48.44:926][  0]LogConfig: Setting CVar [[r.Shadow.RadiusThreshold:0.01]]
[2020.02.25-20.48.44:926][  0]LogConfig: Setting CVar [[r.Shadow.DistanceScale:1.0]]
[2020.02.25-20.48.44:926][  0]LogConfig: Setting CVar [[r.Shadow.CSM.TransitionScale:1.0]]
[2020.02.25-20.48.44:926][  0]LogConfig: Setting CVar [[r.Shadow.PreShadowResolutionFactor:1.0]]
[2020.02.25-20.48.44:926][  0]LogConfig: Setting CVar [[r.DistanceFieldShadowing:1]]
[2020.02.25-20.48.44:926][  0]LogConfig: Setting CVar [[r.DistanceFieldAO:1]]
[2020.02.25-20.48.44:926][  0]LogConfig: Setting CVar [[r.AOQuality:2]]
[2020.02.25-20.48.44:926][  0]LogConfig: Setting CVar [[r.VolumetricFog:1]]
[2020.02.25-20.48.44:926][  0]LogConfig: Setting CVar [[r.VolumetricFog.GridPixelSize:8]]
[2020.02.25-20.48.44:926][  0]LogConfig: Setting CVar [[r.VolumetricFog.GridSizeZ:128]]
[2020.02.25-20.48.44:926][  0]LogConfig: Setting CVar [[r.VolumetricFog.HistoryMissSupersampleCount:4]]
[2020.02.25-20.48.44:926][  0]LogConfig: Setting CVar [[r.LightMaxDrawDistanceScale:1]]
[2020.02.25-20.48.44:926][  0]LogConfig: Setting CVar [[r.CapsuleShadows:1]]
[2020.02.25-20.48.44:926][  0]LogConfig: Applying CVar settings from Section [PostProcessQuality@3] File [D:/UE4 Projects/3DModels-UnrealEngine/Project/Saved/Config/Windows/Scalability.ini]
[2020.02.25-20.48.44:926][  0]LogConfig: Setting CVar [[r.MotionBlurQuality:4]]
[2020.02.25-20.48.44:926][  0]LogConfig: Setting CVar [[r.AmbientOcclusionMipLevelFactor:0.4]]
[2020.02.25-20.48.44:926][  0]LogConfig: Setting CVar [[r.AmbientOcclusionMaxQuality:100]]
[2020.02.25-20.48.44:926][  0]LogConfig: Setting CVar [[r.AmbientOcclusionLevels:-1]]
[2020.02.25-20.48.44:926][  0]LogConfig: Setting CVar [[r.AmbientOcclusionRadiusScale:1.0]]
[2020.02.25-20.48.44:926][  0]LogConfig: Setting CVar [[r.DepthOfFieldQuality:2]]
[2020.02.25-20.48.44:926][  0]LogConfig: Setting CVar [[r.RenderTargetPoolMin:400]]
[2020.02.25-20.48.44:926][  0]LogConfig: Setting CVar [[r.LensFlareQuality:2]]
[2020.02.25-20.48.44:926][  0]LogConfig: Setting CVar [[r.SceneColorFringeQuality:1]]
[2020.02.25-20.48.44:926][  0]LogConfig: Setting CVar [[r.EyeAdaptationQuality:2]]
[2020.02.25-20.48.44:926][  0]LogConfig: Setting CVar [[r.BloomQuality:5]]
[2020.02.25-20.48.44:926][  0]LogConfig: Setting CVar [[r.FastBlurThreshold:100]]
[2020.02.25-20.48.44:926][  0]LogConfig: Setting CVar [[r.Upscale.Quality:3]]
[2020.02.25-20.48.44:926][  0]LogConfig: Setting CVar [[r.Tonemapper.GrainQuantization:1]]
[2020.02.25-20.48.44:926][  0]LogConfig: Setting CVar [[r.LightShaftQuality:1]]
[2020.02.25-20.48.44:926][  0]LogConfig: Setting CVar [[r.Filter.SizeScale:1]]
[2020.02.25-20.48.44:927][  0]LogConfig: Setting CVar [[r.Tonemapper.Quality:5]]
[2020.02.25-20.48.44:927][  0]LogConfig: Setting CVar [[r.DOF.Gather.AccumulatorQuality:1        ; higher gathering accumulator quality]]
[2020.02.25-20.48.44:927][  0]LogConfig: Setting CVar [[r.DOF.Gather.PostfilterMethod:1          ; Median3x3 postfilering method]]
[2020.02.25-20.48.44:927][  0]LogConfig: Setting CVar [[r.DOF.Gather.EnableBokehSettings:0       ; no bokeh simulation when gathering]]
[2020.02.25-20.48.44:927][  0]LogConfig: Setting CVar [[r.DOF.Gather.RingCount:4                 ; medium number of samples when gathering]]
[2020.02.25-20.48.44:927][  0]LogConfig: Setting CVar [[r.DOF.Scatter.ForegroundCompositing:1    ; additive foreground scattering]]
[2020.02.25-20.48.44:927][  0]LogConfig: Setting CVar [[r.DOF.Scatter.BackgroundCompositing:2    ; additive background scattering]]
[2020.02.25-20.48.44:927][  0]LogConfig: Setting CVar [[r.DOF.Scatter.EnableBokehSettings:1      ; bokeh simulation when scattering]]
[2020.02.25-20.48.44:927][  0]LogConfig: Setting CVar [[r.DOF.Scatter.MaxSpriteRatio:0.1         ; only a maximum of 10% of scattered bokeh]]
[2020.02.25-20.48.44:927][  0]LogConfig: Setting CVar [[r.DOF.Recombine.Quality:1                ; cheap slight out of focus]]
[2020.02.25-20.48.44:927][  0]LogConfig: Setting CVar [[r.DOF.Recombine.EnableBokehSettings:0    ; no bokeh simulation on slight out of focus]]
[2020.02.25-20.48.44:927][  0]LogConfig: Setting CVar [[r.DOF.TemporalAAQuality:1                ; more stable temporal accumulation]]
[2020.02.25-20.48.44:927][  0]LogConfig: Setting CVar [[r.DOF.Kernel.MaxForegroundRadius:0.025]]
[2020.02.25-20.48.44:927][  0]LogConfig: Setting CVar [[r.DOF.Kernel.MaxBackgroundRadius:0.025]]
[2020.02.25-20.48.44:927][  0]LogConfig: Applying CVar settings from Section [TextureQuality@3] File [D:/UE4 Projects/3DModels-UnrealEngine/Project/Saved/Config/Windows/Scalability.ini]
[2020.02.25-20.48.44:927][  0]LogConfig: Setting CVar [[r.Streaming.MipBias:0]]
[2020.02.25-20.48.44:927][  0]LogConfig: Setting CVar [[r.Streaming.AmortizeCPUToGPUCopy:0]]
[2020.02.25-20.48.44:927][  0]LogConfig: Setting CVar [[r.Streaming.MaxNumTexturesToStreamPerFrame:0]]
[2020.02.25-20.48.44:927][  0]LogConfig: Setting CVar [[r.Streaming.Boost:1]]
[2020.02.25-20.48.44:927][  0]LogConfig: Setting CVar [[r.MaxAnisotropy:8]]
[2020.02.25-20.48.44:927][  0]LogConfig: Setting CVar [[r.VT.MaxAnisotropy:8]]
[2020.02.25-20.48.44:927][  0]LogConfig: Setting CVar [[r.Streaming.LimitPoolSizeToVRAM:0]]
[2020.02.25-20.48.44:927][  0]LogConfig: Setting CVar [[r.Streaming.PoolSize:1000]]
[2020.02.25-20.48.44:927][  0]LogConfig: Setting CVar [[r.Streaming.MaxEffectiveScreenSize:0]]
[2020.02.25-20.48.44:927][  0]LogConfig: Applying CVar settings from Section [EffectsQuality@3] File [D:/UE4 Projects/3DModels-UnrealEngine/Project/Saved/Config/Windows/Scalability.ini]
[2020.02.25-20.48.44:927][  0]LogConfig: Setting CVar [[r.TranslucencyLightingVolumeDim:64]]
[2020.02.25-20.48.44:927][  0]LogConfig: Setting CVar [[r.RefractionQuality:2]]
[2020.02.25-20.48.44:927][  0]LogConfig: Setting CVar [[r.SSR.Quality:3]]
[2020.02.25-20.48.44:927][  0]LogConfig: Setting CVar [[r.SSR.HalfResSceneColor:0]]
[2020.02.25-20.48.44:927][  0]LogConfig: Setting CVar [[r.SceneColorFormat:4]]
[2020.02.25-20.48.44:927][  0]LogConfig: Setting CVar [[r.DetailMode:2]]
[2020.02.25-20.48.44:927][  0]LogConfig: Setting CVar [[r.TranslucencyVolumeBlur:1]]
[2020.02.25-20.48.44:927][  0]LogConfig: Setting CVar [[r.MaterialQualityLevel:1 ; High quality]]
[2020.02.25-20.48.44:927][  0]LogConfig: Setting CVar [[r.SSS.Scale:1]]
[2020.02.25-20.48.44:927][  0]LogConfig: Setting CVar [[r.SSS.SampleSet:2]]
[2020.02.25-20.48.44:927][  0]LogConfig: Setting CVar [[r.SSS.Quality:1]]
[2020.02.25-20.48.44:927][  0]LogConfig: Setting CVar [[r.SSS.HalfRes:1]]
[2020.02.25-20.48.44:927][  0]LogConfig: Setting CVar [[r.SSGI.Quality:3]]
[2020.02.25-20.48.44:927][  0]LogConfig: Setting CVar [[r.EmitterSpawnRateScale:1.0]]
[2020.02.25-20.48.44:927][  0]LogConfig: Setting CVar [[r.ParticleLightQuality:2]]
[2020.02.25-20.48.44:927][  0]LogConfig: Setting CVar [[r.SkyAtmosphere.AerialPerspectiveLUT.FastApplyOnOpaque:1 ; Always have FastSkyLUT 1 in this case to avoid wrong sky]]
[2020.02.25-20.48.44:927][  0]LogConfig: Setting CVar [[r.SkyAtmosphere.AerialPerspectiveLUT.SampleCountPerSlice:1]]
[2020.02.25-20.48.44:927][  0]LogConfig: Setting CVar [[r.SkyAtmosphere.AerialPerspectiveLUT.DepthResolution:16.0]]
[2020.02.25-20.48.44:927][  0]LogConfig: Setting CVar [[r.SkyAtmosphere.FastSkyLUT:1]]
[2020.02.25-20.48.44:927][  0]LogConfig: Setting CVar [[r.SkyAtmosphere.FastSkyLUT.SampleCountMin:4.0]]
[2020.02.25-20.48.44:927][  0]LogConfig: Setting CVar [[r.SkyAtmosphere.FastSkyLUT.SampleCountMax:32.0]]
[2020.02.25-20.48.44:927][  0]LogConfig: Setting CVar [[r.SkyAtmosphere.SampleCountMin:4.0]]
[2020.02.25-20.48.44:927][  0]LogConfig: Setting CVar [[r.SkyAtmosphere.SampleCountMax:32.0]]
[2020.02.25-20.48.44:927][  0]LogConfig: Setting CVar [[r.SkyAtmosphere.TransmittanceLUT.UseSmallFormat:0]]
[2020.02.25-20.48.44:927][  0]LogConfig: Setting CVar [[r.SkyAtmosphere.TransmittanceLUT.SampleCount:10.0]]
[2020.02.25-20.48.44:927][  0]LogConfig: Setting CVar [[r.SkyAtmosphere.MultiScatteringLUT.SampleCount:15.0]]
[2020.02.25-20.48.44:927][  0]LogConfig: Applying CVar settings from Section [FoliageQuality@3] File [D:/UE4 Projects/3DModels-UnrealEngine/Project/Saved/Config/Windows/Scalability.ini]
[2020.02.25-20.48.44:927][  0]LogConfig: Setting CVar [[foliage.DensityScale:1.0]]
[2020.02.25-20.48.44:927][  0]LogConfig: Setting CVar [[grass.DensityScale:1.0]]
[2020.02.25-20.48.44:927][  0]LogConfig: Applying CVar settings from Section [ShadingQuality@3] File [D:/UE4 Projects/3DModels-UnrealEngine/Project/Saved/Config/Windows/Scalability.ini]
[2020.02.25-20.48.44:927][  0]LogConfig: Setting CVar [[r.HairStrands.SkyLighting.SampleCount:16]]
[2020.02.25-20.48.44:927][  0]LogConfig: Setting CVar [[r.HairStrands.SkyLighting.JitterIntegration:0]]
[2020.02.25-20.48.44:927][  0]LogConfig: Setting CVar [[r.HairStrands.SkyAO.SampleCount:16]]
[2020.02.25-20.48.44:927][  0]LogInit: Selected Device Profile: [Windows]
[2020.02.25-20.48.44:927][  0]LogInit: Applying CVar settings loaded from the selected device profile: [Windows]
[2020.02.25-20.48.44:930][  0]LogHAL: Display: Platform has ~ 32 GB [34307416064 / 34359738368 / 32], which maps to Largest [LargestMinGB=32, LargerMinGB=12, DefaultMinGB=8, SmallerMinGB=6, SmallestMinGB=0)
[2020.02.25-20.48.44:930][  0]LogInit: Going up to parent DeviceProfile []
[2020.02.25-20.48.44:930][  0]LogConfig: Applying CVar settings from Section [ViewDistanceQuality@3] File [D:/UE4 Projects/3DModels-UnrealEngine/Project/Saved/Config/Windows/Scalability.ini]
[2020.02.25-20.48.44:930][  0]LogConfig: Setting CVar [[r.SkeletalMeshLODBias:0]]
[2020.02.25-20.48.44:930][  0]LogConfig: Setting CVar [[r.ViewDistanceScale:1.0]]
[2020.02.25-20.48.44:930][  0]LogConfig: Applying CVar settings from Section [AntiAliasingQuality@3] File [D:/UE4 Projects/3DModels-UnrealEngine/Project/Saved/Config/Windows/Scalability.ini]
[2020.02.25-20.48.44:930][  0]LogConfig: Setting CVar [[r.PostProcessAAQuality:4]]
[2020.02.25-20.48.44:930][  0]LogConfig: Applying CVar settings from Section [ShadowQuality@3] File [D:/UE4 Projects/3DModels-UnrealEngine/Project/Saved/Config/Windows/Scalability.ini]
[2020.02.25-20.48.44:930][  0]LogConfig: Setting CVar [[r.LightFunctionQuality:1]]
[2020.02.25-20.48.44:930][  0]LogConfig: Setting CVar [[r.ShadowQuality:5]]
[2020.02.25-20.48.44:930][  0]LogConfig: Setting CVar [[r.Shadow.CSM.MaxCascades:10]]
[2020.02.25-20.48.44:930][  0]LogConfig: Setting CVar [[r.Shadow.MaxResolution:2048]]
[2020.02.25-20.48.44:930][  0]LogConfig: Setting CVar [[r.Shadow.MaxCSMResolution:2048]]
[2020.02.25-20.48.44:930][  0]LogConfig: Setting CVar [[r.Shadow.RadiusThreshold:0.01]]
[2020.02.25-20.48.44:930][  0]LogConfig: Setting CVar [[r.Shadow.DistanceScale:1.0]]
[2020.02.25-20.48.44:930][  0]LogConfig: Setting CVar [[r.Shadow.CSM.TransitionScale:1.0]]
[2020.02.25-20.48.44:930][  0]LogConfig: Setting CVar [[r.Shadow.PreShadowResolutionFactor:1.0]]
[2020.02.25-20.48.44:930][  0]LogConfig: Setting CVar [[r.DistanceFieldShadowing:1]]
[2020.02.25-20.48.44:930][  0]LogConfig: Setting CVar [[r.DistanceFieldAO:1]]
[2020.02.25-20.48.44:930][  0]LogConfig: Setting CVar [[r.AOQuality:2]]
[2020.02.25-20.48.44:930][  0]LogConfig: Setting CVar [[r.VolumetricFog:1]]
[2020.02.25-20.48.44:930][  0]LogConfig: Setting CVar [[r.VolumetricFog.GridPixelSize:8]]
[2020.02.25-20.48.44:930][  0]LogConfig: Setting CVar [[r.VolumetricFog.GridSizeZ:128]]
[2020.02.25-20.48.44:930][  0]LogConfig: Setting CVar [[r.VolumetricFog.HistoryMissSupersampleCount:4]]
[2020.02.25-20.48.44:930][  0]LogConfig: Setting CVar [[r.LightMaxDrawDistanceScale:1]]
[2020.02.25-20.48.44:930][  0]LogConfig: Setting CVar [[r.CapsuleShadows:1]]
[2020.02.25-20.48.44:930][  0]LogConfig: Applying CVar settings from Section [PostProcessQuality@3] File [D:/UE4 Projects/3DModels-UnrealEngine/Project/Saved/Config/Windows/Scalability.ini]
[2020.02.25-20.48.44:930][  0]LogConfig: Setting CVar [[r.MotionBlurQuality:4]]
[2020.02.25-20.48.44:930][  0]LogConfig: Setting CVar [[r.AmbientOcclusionMipLevelFactor:0.4]]
[2020.02.25-20.48.44:930][  0]LogConfig: Setting CVar [[r.AmbientOcclusionMaxQuality:100]]
[2020.02.25-20.48.44:930][  0]LogConfig: Setting CVar [[r.AmbientOcclusionLevels:-1]]
[2020.02.25-20.48.44:930][  0]LogConfig: Setting CVar [[r.AmbientOcclusionRadiusScale:1.0]]
[2020.02.25-20.48.44:930][  0]LogConfig: Setting CVar [[r.DepthOfFieldQuality:2]]
[2020.02.25-20.48.44:930][  0]LogConfig: Setting CVar [[r.RenderTargetPoolMin:400]]
[2020.02.25-20.48.44:930][  0]LogConfig: Setting CVar [[r.LensFlareQuality:2]]
[2020.02.25-20.48.44:930][  0]LogConfig: Setting CVar [[r.SceneColorFringeQuality:1]]
[2020.02.25-20.48.44:930][  0]LogConfig: Setting CVar [[r.EyeAdaptationQuality:2]]
[2020.02.25-20.48.44:930][  0]LogConfig: Setting CVar [[r.BloomQuality:5]]
[2020.02.25-20.48.44:930][  0]LogConfig: Setting CVar [[r.FastBlurThreshold:100]]
[2020.02.25-20.48.44:930][  0]LogConfig: Setting CVar [[r.Upscale.Quality:3]]
[2020.02.25-20.48.44:930][  0]LogConfig: Setting CVar [[r.Tonemapper.GrainQuantization:1]]
[2020.02.25-20.48.44:930][  0]LogConfig: Setting CVar [[r.LightShaftQuality:1]]
[2020.02.25-20.48.44:931][  0]LogConfig: Setting CVar [[r.Filter.SizeScale:1]]
[2020.02.25-20.48.44:931][  0]LogConfig: Setting CVar [[r.Tonemapper.Quality:5]]
[2020.02.25-20.48.44:931][  0]LogConfig: Setting CVar [[r.DOF.Gather.AccumulatorQuality:1        ; higher gathering accumulator quality]]
[2020.02.25-20.48.44:931][  0]LogConfig: Setting CVar [[r.DOF.Gather.PostfilterMethod:1          ; Median3x3 postfilering method]]
[2020.02.25-20.48.44:931][  0]LogConfig: Setting CVar [[r.DOF.Gather.EnableBokehSettings:0       ; no bokeh simulation when gathering]]
[2020.02.25-20.48.44:931][  0]LogConfig: Setting CVar [[r.DOF.Gather.RingCount:4                 ; medium number of samples when gathering]]
[2020.02.25-20.48.44:931][  0]LogConfig: Setting CVar [[r.DOF.Scatter.ForegroundCompositing:1    ; additive foreground scattering]]
[2020.02.25-20.48.44:931][  0]LogConfig: Setting CVar [[r.DOF.Scatter.BackgroundCompositing:2    ; additive background scattering]]
[2020.02.25-20.48.44:931][  0]LogConfig: Setting CVar [[r.DOF.Scatter.EnableBokehSettings:1      ; bokeh simulation when scattering]]
[2020.02.25-20.48.44:931][  0]LogConfig: Setting CVar [[r.DOF.Scatter.MaxSpriteRatio:0.1         ; only a maximum of 10% of scattered bokeh]]
[2020.02.25-20.48.44:931][  0]LogConfig: Setting CVar [[r.DOF.Recombine.Quality:1                ; cheap slight out of focus]]
[2020.02.25-20.48.44:931][  0]LogConfig: Setting CVar [[r.DOF.Recombine.EnableBokehSettings:0    ; no bokeh simulation on slight out of focus]]
[2020.02.25-20.48.44:931][  0]LogConfig: Setting CVar [[r.DOF.TemporalAAQuality:1                ; more stable temporal accumulation]]
[2020.02.25-20.48.44:931][  0]LogConfig: Setting CVar [[r.DOF.Kernel.MaxForegroundRadius:0.025]]
[2020.02.25-20.48.44:931][  0]LogConfig: Setting CVar [[r.DOF.Kernel.MaxBackgroundRadius:0.025]]
[2020.02.25-20.48.44:931][  0]LogConfig: Applying CVar settings from Section [TextureQuality@3] File [D:/UE4 Projects/3DModels-UnrealEngine/Project/Saved/Config/Windows/Scalability.ini]
[2020.02.25-20.48.44:931][  0]LogConfig: Setting CVar [[r.Streaming.MipBias:0]]
[2020.02.25-20.48.44:931][  0]LogConfig: Setting CVar [[r.Streaming.AmortizeCPUToGPUCopy:0]]
[2020.02.25-20.48.44:931][  0]LogConfig: Setting CVar [[r.Streaming.MaxNumTexturesToStreamPerFrame:0]]
[2020.02.25-20.48.44:931][  0]LogConfig: Setting CVar [[r.Streaming.Boost:1]]
[2020.02.25-20.48.44:931][  0]LogConfig: Setting CVar [[r.MaxAnisotropy:8]]
[2020.02.25-20.48.44:931][  0]LogConfig: Setting CVar [[r.VT.MaxAnisotropy:8]]
[2020.02.25-20.48.44:931][  0]LogConfig: Setting CVar [[r.Streaming.LimitPoolSizeToVRAM:0]]
[2020.02.25-20.48.44:931][  0]LogConfig: Setting CVar [[r.Streaming.PoolSize:1000]]
[2020.02.25-20.48.44:931][  0]LogConfig: Setting CVar [[r.Streaming.MaxEffectiveScreenSize:0]]
[2020.02.25-20.48.44:931][  0]LogConfig: Applying CVar settings from Section [EffectsQuality@3] File [D:/UE4 Projects/3DModels-UnrealEngine/Project/Saved/Config/Windows/Scalability.ini]
[2020.02.25-20.48.44:931][  0]LogConfig: Setting CVar [[r.TranslucencyLightingVolumeDim:64]]
[2020.02.25-20.48.44:931][  0]LogConfig: Setting CVar [[r.RefractionQuality:2]]
[2020.02.25-20.48.44:931][  0]LogConfig: Setting CVar [[r.SSR.Quality:3]]
[2020.02.25-20.48.44:931][  0]LogConfig: Setting CVar [[r.SSR.HalfResSceneColor:0]]
[2020.02.25-20.48.44:931][  0]LogConfig: Setting CVar [[r.SceneColorFormat:4]]
[2020.02.25-20.48.44:931][  0]LogConfig: Setting CVar [[r.DetailMode:2]]
[2020.02.25-20.48.44:931][  0]LogConfig: Setting CVar [[r.TranslucencyVolumeBlur:1]]
[2020.02.25-20.48.44:931][  0]LogConfig: Setting CVar [[r.MaterialQualityLevel:1 ; High quality]]
[2020.02.25-20.48.44:931][  0]LogConfig: Setting CVar [[r.SSS.Scale:1]]
[2020.02.25-20.48.44:931][  0]LogConfig: Setting CVar [[r.SSS.SampleSet:2]]
[2020.02.25-20.48.44:931][  0]LogConfig: Setting CVar [[r.SSS.Quality:1]]
[2020.02.25-20.48.44:931][  0]LogConfig: Setting CVar [[r.SSS.HalfRes:1]]
[2020.02.25-20.48.44:931][  0]LogConfig: Setting CVar [[r.SSGI.Quality:3]]
[2020.02.25-20.48.44:931][  0]LogConfig: Setting CVar [[r.EmitterSpawnRateScale:1.0]]
[2020.02.25-20.48.44:931][  0]LogConfig: Setting CVar [[r.ParticleLightQuality:2]]
[2020.02.25-20.48.44:931][  0]LogConfig: Setting CVar [[r.SkyAtmosphere.AerialPerspectiveLUT.FastApplyOnOpaque:1 ; Always have FastSkyLUT 1 in this case to avoid wrong sky]]
[2020.02.25-20.48.44:931][  0]LogConfig: Setting CVar [[r.SkyAtmosphere.AerialPerspectiveLUT.SampleCountPerSlice:1]]
[2020.02.25-20.48.44:931][  0]LogConfig: Setting CVar [[r.SkyAtmosphere.AerialPerspectiveLUT.DepthResolution:16.0]]
[2020.02.25-20.48.44:931][  0]LogConfig: Setting CVar [[r.SkyAtmosphere.FastSkyLUT:1]]
[2020.02.25-20.48.44:931][  0]LogConfig: Setting CVar [[r.SkyAtmosphere.FastSkyLUT.SampleCountMin:4.0]]
[2020.02.25-20.48.44:931][  0]LogConfig: Setting CVar [[r.SkyAtmosphere.FastSkyLUT.SampleCountMax:32.0]]
[2020.02.25-20.48.44:931][  0]LogConfig: Setting CVar [[r.SkyAtmosphere.SampleCountMin:4.0]]
[2020.02.25-20.48.44:931][  0]LogConfig: Setting CVar [[r.SkyAtmosphere.SampleCountMax:32.0]]
[2020.02.25-20.48.44:931][  0]LogConfig: Setting CVar [[r.SkyAtmosphere.TransmittanceLUT.UseSmallFormat:0]]
[2020.02.25-20.48.44:931][  0]LogConfig: Setting CVar [[r.SkyAtmosphere.TransmittanceLUT.SampleCount:10.0]]
[2020.02.25-20.48.44:931][  0]LogConfig: Setting CVar [[r.SkyAtmosphere.MultiScatteringLUT.SampleCount:15.0]]
[2020.02.25-20.48.44:931][  0]LogConfig: Applying CVar settings from Section [FoliageQuality@3] File [D:/UE4 Projects/3DModels-UnrealEngine/Project/Saved/Config/Windows/Scalability.ini]
[2020.02.25-20.48.44:931][  0]LogConfig: Setting CVar [[foliage.DensityScale:1.0]]
[2020.02.25-20.48.44:931][  0]LogConfig: Setting CVar [[grass.DensityScale:1.0]]
[2020.02.25-20.48.44:931][  0]LogConfig: Applying CVar settings from Section [ShadingQuality@3] File [D:/UE4 Projects/3DModels-UnrealEngine/Project/Saved/Config/Windows/Scalability.ini]
[2020.02.25-20.48.44:931][  0]LogConfig: Setting CVar [[r.HairStrands.SkyLighting.SampleCount:16]]
[2020.02.25-20.48.44:931][  0]LogConfig: Setting CVar [[r.HairStrands.SkyLighting.JitterIntegration:0]]
[2020.02.25-20.48.44:931][  0]LogConfig: Setting CVar [[r.HairStrands.SkyAO.SampleCount:16]]
[2020.02.25-20.48.44:931][  0]LogConfig: Applying CVar settings from Section [Startup] File [../../../Engine/Config/ConsoleVariables.ini]
[2020.02.25-20.48.44:931][  0]LogConfig: Setting CVar [[net.UseAdaptiveNetUpdateFrequency:0]]
[2020.02.25-20.48.44:932][  0]LogConfig: Setting CVar [[p.chaos.AllowCreatePhysxBodies:1]]
[2020.02.25-20.48.44:932][  0]LogConfig: Applying CVar settings from Section [ConsoleVariables] File [D:/UE4 Projects/3DModels-UnrealEngine/Project/Saved/Config/Windows/Engine.ini]
[2020.02.25-20.48.44:932][  0]LogInit: Computer: DESKTOP-QRUUEEL
[2020.02.25-20.48.44:932][  0]LogInit: User: Mikhail
[2020.02.25-20.48.44:932][  0]LogInit: CPU Page size=4096, Cores=6
[2020.02.25-20.48.44:932][  0]LogInit: High frequency timer resolution =10.000000 MHz
[2020.02.25-20.48.44:932][  0]LogMemory: Memory total: Physical=32.0GB (32GB approx)
[2020.02.25-20.48.44:932][  0]LogMemory: Platform Memory Stats for Windows
[2020.02.25-20.48.44:932][  0]LogMemory: Process Physical Memory: 108.35 MB used, 108.36 MB peak
[2020.02.25-20.48.44:932][  0]LogMemory: Process Virtual Memory: 105.36 MB used, 105.36 MB peak
[2020.02.25-20.48.44:932][  0]LogMemory: Physical Memory: 7462.11 MB used,  25255.99 MB free, 32718.10 MB total
[2020.02.25-20.48.44:932][  0]LogMemory: Virtual Memory: 5200.72 MB used,  134212528.00 MB free, 134217728.00 MB total
[2020.02.25-20.48.44:934][  0]LogWindows: WindowsPlatformFeatures enabled
[2020.02.25-20.48.44:947][  0]LogInit: Using OS detected language (ru-RU).
[2020.02.25-20.48.44:947][  0]LogInit: Using OS detected locale (ru-RU).
[2020.02.25-20.48.44:947][  0]LogTextLocalizationManager: No specific localization for 'ru-RU' exists, so the 'ru' localization will be used.
[2020.02.25-20.48.44:947][  0]LogTextLocalizationResource: LocRes '../../../Engine/Content/Localization/Editor/ru/Editor.locres' could not be opened for reading!
[2020.02.25-20.48.44:947][  0]LogTextLocalizationResource: LocRes '../../../Engine/Content/Localization/EditorTutorials/ru/EditorTutorials.locres' could not be opened for reading!
[2020.02.25-20.48.44:948][  0]LogTextLocalizationResource: LocRes '../../../Engine/Content/Localization/Keywords/ru/Keywords.locres' could not be opened for reading!
[2020.02.25-20.48.44:948][  0]LogTextLocalizationResource: LocRes '../../../Engine/Content/Localization/Category/ru/Category.locres' could not be opened for reading!
[2020.02.25-20.48.44:948][  0]LogTextLocalizationResource: LocRes '../../../Engine/Content/Localization/ToolTips/ru/ToolTips.locres' could not be opened for reading!
[2020.02.25-20.48.44:948][  0]LogTextLocalizationResource: LocRes '../../../Engine/Content/Localization/PropertyNames/ru/PropertyNames.locres' could not be opened for reading!
[2020.02.25-20.48.44:948][  0]LogTextLocalizationResource: LocRes '../../../Engine/Content/Localization/Engine/ru/Engine.locres' could not be opened for reading!
[2020.02.25-20.48.44:948][  0]LogInit: Setting process to per monitor DPI aware
[2020.02.25-20.48.44:970][  0]LogSlate: New Slate User Created.  User Index 0, Is Virtual User: 0
[2020.02.25-20.48.44:970][  0]LogSlate: Slate User Registered.  User Index 0, Is Virtual User: 0
[2020.02.25-20.48.45:088][  0]LogHMD: Failed to initialize OpenVR with code 110
[2020.02.25-20.48.45:088][  0]LogD3D11RHI: D3D11 min allowed feature level: 11_0
[2020.02.25-20.48.45:088][  0]LogD3D11RHI: D3D11 max allowed feature level: 11_0
[2020.02.25-20.48.45:088][  0]LogD3D11RHI: D3D11 adapters:
[2020.02.25-20.48.45:152][  0]LogD3D11RHI:    0. 'NVIDIA GeForce GTX 1060 6GB' (Feature Level 11_0)
[2020.02.25-20.48.45:152][  0]LogD3D11RHI:       6052/0/16359 MB DedicatedVideo/DedicatedSystem/SharedSystem, Outputs:1, VendorId:0x10de
[2020.02.25-20.48.45:154][  0]LogD3D11RHI:    1. 'Microsoft Basic Render Driver' (Feature Level 11_0)
[2020.02.25-20.48.45:154][  0]LogD3D11RHI:       0/0/16359 MB DedicatedVideo/DedicatedSystem/SharedSystem, Outputs:0, VendorId:0x1414
[2020.02.25-20.48.45:154][  0]LogD3D11RHI: Chosen D3D11 Adapter: 0
[2020.02.25-20.48.45:164][  0]LogD3D11RHI: Creating new Direct3DDevice
[2020.02.25-20.48.45:164][  0]LogD3D11RHI:     GPU DeviceId: 0x1c03 (for the marketing name, search the web for "GPU Device Id")
[2020.02.25-20.48.45:164][  0]LogWindows: EnumDisplayDevices:
[2020.02.25-20.48.45:165][  0]LogWindows:    0. 'NVIDIA GeForce GTX 1060 6GB' (P:1 D:1)
[2020.02.25-20.48.45:165][  0]LogWindows:    1. 'NVIDIA GeForce GTX 1060 6GB' (P:0 D:0)
[2020.02.25-20.48.45:165][  0]LogWindows:    2. 'NVIDIA GeForce GTX 1060 6GB' (P:0 D:0)
[2020.02.25-20.48.45:165][  0]LogWindows:    3. 'NVIDIA GeForce GTX 1060 6GB' (P:0 D:0)
[2020.02.25-20.48.45:165][  0]LogWindows: DebugString: FoundDriverCount:4 
[2020.02.25-20.48.45:165][  0]LogD3D11RHI:     Adapter Name: NVIDIA GeForce GTX 1060 6GB
[2020.02.25-20.48.45:165][  0]LogD3D11RHI:   Driver Version: 442.19 (internal:26.21.14.4219, unified:442.19)
[2020.02.25-20.48.45:165][  0]LogD3D11RHI:      Driver Date: 1-29-2020
[2020.02.25-20.48.45:165][  0]LogRHI: Texture pool is 4236 MB (70% of 6052 MB)
[2020.02.25-20.48.45:211][  0]LogD3D11RHI: RHI has support for 64 bit atomics
[2020.02.25-20.48.45:211][  0]LogD3D11RHI: Async texture creation enabled
[2020.02.25-20.48.45:224][  0]LogD3D11RHI: GPU Timing Frequency: 1000.000000 (Debug: 2 1)
[2020.02.25-20.48.45:478][  0]LogTargetPlatformManager: Display: Loaded TargetPlatform 'AllDesktop'
[2020.02.25-20.48.45:507][  0]LogTargetPlatformManager: Display: Loaded TargetPlatform 'Android'
[2020.02.25-20.48.45:507][  0]LogTargetPlatformManager: Display: Loaded TargetPlatform 'Android_ASTC'
[2020.02.25-20.48.45:507][  0]LogTargetPlatformManager: Display: Loaded TargetPlatform 'Android_ATC'
[2020.02.25-20.48.45:507][  0]LogTargetPlatformManager: Display: Loaded TargetPlatform 'Android_DXT'
[2020.02.25-20.48.45:507][  0]LogTargetPlatformManager: Display: Loaded TargetPlatform 'Android_ETC1'
[2020.02.25-20.48.45:507][  0]LogTargetPlatformManager: Display: Loaded TargetPlatform 'Android_ETC1a'
[2020.02.25-20.48.45:507][  0]LogTargetPlatformManager: Display: Loaded TargetPlatform 'Android_ETC2'
[2020.02.25-20.48.45:507][  0]LogTargetPlatformManager: Display: Loaded TargetPlatform 'Android_PVRTC'
[2020.02.25-20.48.45:507][  0]LogTargetPlatformManager: Display: Loaded TargetPlatform 'AndroidClient'
[2020.02.25-20.48.45:507][  0]LogTargetPlatformManager: Display: Loaded TargetPlatform 'Android_ASTCClient'
[2020.02.25-20.48.45:507][  0]LogTargetPlatformManager: Display: Loaded TargetPlatform 'Android_ATCClient'
[2020.02.25-20.48.45:507][  0]LogTargetPlatformManager: Display: Loaded TargetPlatform 'Android_DXTClient'
[2020.02.25-20.48.45:507][  0]LogTargetPlatformManager: Display: Loaded TargetPlatform 'Android_ETC1Client'
[2020.02.25-20.48.45:507][  0]LogTargetPlatformManager: Display: Loaded TargetPlatform 'Android_ETC1aClient'
[2020.02.25-20.48.45:507][  0]LogTargetPlatformManager: Display: Loaded TargetPlatform 'Android_ETC2Client'
[2020.02.25-20.48.45:507][  0]LogTargetPlatformManager: Display: Loaded TargetPlatform 'Android_PVRTCClient'
[2020.02.25-20.48.45:507][  0]LogTargetPlatformManager: Display: Loaded TargetPlatform 'Android_Multi'
[2020.02.25-20.48.45:507][  0]LogTargetPlatformManager: Display: Loaded TargetPlatform 'Android_MultiClient'
[2020.02.25-20.48.45:524][  0]LogTargetPlatformManager: Display: Loaded TargetPlatform 'IOSClient'
[2020.02.25-20.48.45:524][  0]LogTargetPlatformManager: Display: Loaded TargetPlatform 'IOS'
[2020.02.25-20.48.45:530][  0]LogTargetPlatformManager: Display: Loaded TargetPlatform 'LinuxNoEditor'
[2020.02.25-20.48.45:537][  0]LogTargetPlatformManager: Display: Loaded TargetPlatform 'LinuxClient'
[2020.02.25-20.48.45:543][  0]LogTargetPlatformManager: Display: Loaded TargetPlatform 'LinuxServer'
[2020.02.25-20.48.45:549][  0]LogTargetPlatformManager: Display: Loaded TargetPlatform 'LinuxAArch64NoEditor'
[2020.02.25-20.48.45:555][  0]LogTargetPlatformManager: Display: Loaded TargetPlatform 'LinuxAArch64Client'
[2020.02.25-20.48.45:561][  0]LogTargetPlatformManager: Display: Loaded TargetPlatform 'LinuxAArch64Server'
[2020.02.25-20.48.45:582][  0]LogTargetPlatformManager: Display: Loaded TargetPlatform 'Lumin'
[2020.02.25-20.48.45:582][  0]LogTargetPlatformManager: Display: Loaded TargetPlatform 'LuminClient'
[2020.02.25-20.48.45:594][  0]LogTargetPlatformManager: Display: Loaded TargetPlatform 'TVOSClient'
[2020.02.25-20.48.45:594][  0]LogTargetPlatformManager: Display: Loaded TargetPlatform 'TVOS'
[2020.02.25-20.48.45:601][  0]LogTargetPlatformManager: Display: Loaded TargetPlatform 'WindowsNoEditor'
[2020.02.25-20.48.45:608][  0]LogTargetPlatformManager: Display: Loaded TargetPlatform 'Windows'
[2020.02.25-20.48.45:614][  0]LogTargetPlatformManager: Display: Loaded TargetPlatform 'WindowsClient'
[2020.02.25-20.48.45:620][  0]LogTargetPlatformManager: Display: Loaded TargetPlatform 'WindowsServer'
[2020.02.25-20.48.45:620][  0]LogTargetPlatformManager: Display: Building Assets For Windows
[2020.02.25-20.48.45:622][  0]LogAudioDebug: Display: Lib vorbis DLL was dynamically loaded.
[2020.02.25-20.48.45:636][  0]LogShaderCompilers: Guid format shader working directory is -10 characters bigger than the processId version (../../../../../UE4 Projects/3DModels-UnrealEngine/Project/Intermediate/Shaders/WorkingDirectory/14316/).
[2020.02.25-20.48.45:636][  0]LogShaderCompilers: Cleaned the shader compiler working directory 'C:/Users/Mikhail/AppData/Local/Temp/UnrealShaderWorkingDir/E1E8B2D14B943D7021BBBD9688FD95D1/'.
[2020.02.25-20.48.45:637][  0]LogXGEController: Cannot use XGE Controller as Incredibuild is not installed on this machine.
[2020.02.25-20.48.45:637][  0]LogShaderCompilers: Cannot use XGE Shader Compiler as Incredibuild is not installed on this machine.
[2020.02.25-20.48.45:637][  0]LogShaderCompilers: Display: Using Local Shader Compiler.
[2020.02.25-20.48.46:293][  0]LogDerivedDataCache: Display: Max Cache Size: 512 MB
[2020.02.25-20.48.46:336][  0]LogDerivedDataCache: Loaded boot cache 0.04s 81MB C:/Users/Mikhail/AppData/Local/UnrealEngine/4.24/DerivedDataCache/Boot.ddc.
[2020.02.25-20.48.46:336][  0]LogDerivedDataCache: Display: Loaded Boot cache: C:/Users/Mikhail/AppData/Local/UnrealEngine/4.24/DerivedDataCache/Boot.ddc
[2020.02.25-20.48.46:336][  0]LogDerivedDataCache: FDerivedDataBackendGraph:  Pak pak cache file ../../../../../UE4 Projects/3DModels-UnrealEngine/Project/DerivedDataCache/DDC.ddp not found, will not use a pak cache.
[2020.02.25-20.48.46:336][  0]LogDerivedDataCache: Unable to find inner node Pak for hierarchical cache Hierarchy.
[2020.02.25-20.48.46:336][  0]LogDerivedDataCache: FDerivedDataBackendGraph:  CompressedPak pak cache file ../../../../../UE4 Projects/3DModels-UnrealEngine/Project/DerivedDataCache/Compressed.ddp not found, will not use a pak cache.
[2020.02.25-20.48.46:336][  0]LogDerivedDataCache: Unable to find inner node CompressedPak for hierarchical cache Hierarchy.
[2020.02.25-20.48.46:346][  0]LogDerivedDataCache: Display: Pak cache opened for reading ../../../Engine/DerivedDataCache/Compressed.ddp.
[2020.02.25-20.48.46:346][  0]LogDerivedDataCache: FDerivedDataBackendGraph:  EnterprisePak pak cache file ../../../Enterprise/DerivedDataCache/Compressed.ddp not found, will not use a pak cache.
[2020.02.25-20.48.46:346][  0]LogDerivedDataCache: Unable to find inner node EnterprisePak for hierarchical cache Hierarchy.
[2020.02.25-20.48.46:347][  0]LogDerivedDataCache: Using Local data cache path C:/Users/Mikhail/AppData/Local/UnrealEngine/Common/DerivedDataCache: Writable
[2020.02.25-20.48.46:347][  0]LogDerivedDataCache: Shared data cache path not found in *engine.ini, will not use an Shared cache.
[2020.02.25-20.48.46:347][  0]LogDerivedDataCache: Unable to find inner node Shared for hierarchical cache Hierarchy.
[2020.02.25-20.48.46:372][  0]LogMaterial: Verifying Global Shaders for PCD3D_SM5
[2020.02.25-20.48.46:375][  0]LogSlate: Using FreeType 2.10.0
[2020.02.25-20.48.46:375][  0]LogSlate: SlateFontServices - WITH_FREETYPE: 1, WITH_HARFBUZZ: 1
[2020.02.25-20.48.46:419][  0]LogAssetRegistry: FAssetRegistry took 0.0024 seconds to start up
[2020.02.25-20.48.46:695][  0]LogInit: Selected Device Profile: [Windows]
[2020.02.25-20.48.46:835][  0]LogMeshReduction: Using QuadricMeshReduction for automatic static mesh reduction
[2020.02.25-20.48.46:835][  0]LogMeshReduction: Using SimplygonMeshReduction for automatic skeletal mesh reduction
[2020.02.25-20.48.46:835][  0]LogMeshReduction: Using ProxyLODMeshReduction for automatic mesh merging
[2020.02.25-20.48.46:835][  0]LogMeshReduction: No distributed automatic mesh merging module available
[2020.02.25-20.48.46:835][  0]LogMeshMerging: No distributed automatic mesh merging module available
[2020.02.25-20.48.46:846][  0]LogNetVersion: Project 1.0.0, NetCL: 10570792, EngineNetVer: 13, GameNetVer: 0 (Checksum: 2973166357)
[2020.02.25-20.48.48:079][  0]LogPackageLocalizationCache: Processed 10 localized package path(s) for 1 prioritized culture(s) in 0.050402 seconds
[2020.02.25-20.48.48:088][  0]LogUObjectArray: 46750 objects as part of root set at end of initial load.
[2020.02.25-20.48.48:088][  0]LogUObjectAllocator: 8137160 out of 0 bytes used by permanent object pool.
[2020.02.25-20.48.48:088][  0]LogUObjectArray: CloseDisregardForGC: 0/0 objects in disregard for GC pool
[2020.02.25-20.48.48:519][  0]LogTcpMessaging: Initializing TcpMessaging bridge
[2020.02.25-20.48.48:522][  0]LogUdpMessaging: Initializing bridge on interface 0.0.0.0:0 to multicast group 230.0.0.1:6666.
[2020.02.25-20.48.48:566][  0]SourceControl: Source control is disabled
[2020.02.25-20.48.48:566][  0]SourceControl: Source control is disabled
[2020.02.25-20.48.48:567][  0]SourceControl: Source control is disabled
[2020.02.25-20.48.48:567][  0]SourceControl: Source control is disabled
[2020.02.25-20.48.48:568][  0]SourceControl: Source control is disabled
[2020.02.25-20.48.48:632][  0]LogAndroidPermission: UAndroidPermissionCallbackProxy::GetInstance
[2020.02.25-20.48.48:641][  0]LogAudioCaptureCore: Display: No Audio Capture implementations found. Audio input will be silent.
[2020.02.25-20.48.48:641][  0]LogAudioCaptureCore: Display: No Audio Capture implementations found. Audio input will be silent.
[2020.02.25-20.48.48:722][  0]LogOcInput: OculusInput pre-init called
[2020.02.25-20.48.49:263][  0]LogEngine: Initializing Engine...
[2020.02.25-20.48.49:264][  0]LogHMD: Failed to initialize OpenVR with code 110
[2020.02.25-20.48.49:265][  0]LogStats: UGameplayTagsManager::InitializeManager -  0.000 s
[2020.02.25-20.48.49:584][  0]LogInit: Initializing FReadOnlyCVARCache
[2020.02.25-20.48.49:589][  0]LogAIModule: Creating AISystem for world Untitled
[2020.02.25-20.48.49:599][  0]LogAudioMixer: Display: Audio Mixer Platform Settings:
[2020.02.25-20.48.49:599][  0]LogAudioMixer: Display: 	Sample Rate:						  48000
[2020.02.25-20.48.49:599][  0]LogAudioMixer: Display: 	Callback Buffer Frame Size Requested: 1024
[2020.02.25-20.48.49:599][  0]LogAudioMixer: Display: 	Callback Buffer Frame Size To Use:	  1024
[2020.02.25-20.48.49:599][  0]LogAudioMixer: Display: 	Number of buffers to queue:			  2
[2020.02.25-20.48.49:599][  0]LogAudioMixer: Display: 	Max Channels (voices):				  32
[2020.02.25-20.48.49:599][  0]LogAudioMixer: Display: 	Number of Async Source Workers:		  0
[2020.02.25-20.48.49:599][  0]LogAudio: Display: AudioDevice MaxSources: 32
[2020.02.25-20.48.49:599][  0]LogAudio: Display: Using built-in audio occlusion.
[2020.02.25-20.48.49:599][  0]LogAudioMixer: Display: Initializing audio mixer.
[2020.02.25-20.48.49:627][  0]LogAudioMixer: Display: Audio Device Output Speaker Info:
[2020.02.25-20.48.49:627][  0]LogAudioMixer: Display: Name: Динамики (2- Sound Blaster Audigy Fx)
[2020.02.25-20.48.49:627][  0]LogAudioMixer: Display: Is Default: Yes
[2020.02.25-20.48.49:627][  0]LogAudioMixer: Display: Sample Rate: 48000
[2020.02.25-20.48.49:627][  0]LogAudioMixer: Display: Channel Count Used: 6
[2020.02.25-20.48.49:627][  0]LogAudioMixer: Display: Device Channel Count: 6
[2020.02.25-20.48.49:627][  0]LogAudioMixer: Display: Channel Order:
[2020.02.25-20.48.49:627][  0]LogAudioMixer: Display: 0: FrontLeft
[2020.02.25-20.48.49:627][  0]LogAudioMixer: Display: 1: FrontRight
[2020.02.25-20.48.49:627][  0]LogAudioMixer: Display: 2: FrontCenter
[2020.02.25-20.48.49:627][  0]LogAudioMixer: Display: 3: LowFrequency
[2020.02.25-20.48.49:627][  0]LogAudioMixer: Display: 4: BackLeft
[2020.02.25-20.48.49:627][  0]LogAudioMixer: Display: 5: BackRight
[2020.02.25-20.48.49:660][  0]LogAudioMixer: Display: Using Audio Device Динамики (2- Sound Blaster Audigy Fx)
[2020.02.25-20.48.49:663][  0]LogInit: FAudioDevice initialized.
[2020.02.25-20.48.49:663][  0]LogNetVersion: Set ProjectVersion to 1.0.0.0. Version Checksum will be recalculated on next use.
[2020.02.25-20.48.49:786][  0]LogDerivedDataCache: Saved boot cache 0.12s 81MB C:/Users/Mikhail/AppData/Local/UnrealEngine/4.24/DerivedDataCache/Boot.ddc.
[2020.02.25-20.48.49:787][  0]LogInit: Texture streaming: Enabled
[2020.02.25-20.48.49:795][  0]LogEngineSessionManager: EngineSessionManager initialized
[2020.02.25-20.48.49:795][  0]LogEditorSessionSummary: Verbose: Initializing EditorSessionSummaryWriter for editor session tracking
[2020.02.25-20.48.49:796][  0]LogEditorSessionSummary: EditorSessionSummaryWriter initialized
[2020.02.25-20.48.49:824][  0]LogInit: Transaction tracking system initialized
[2020.02.25-20.48.49:831][  0]BlueprintLog: New page: Editor Load
[2020.02.25-20.48.49:854][  0]LocalizationService: Localization service is disabled
[2020.02.25-20.48.50:095][  0]LogFileCache: Scanning file cache for directory 'D:/UE4 Projects/3DModels-UnrealEngine/Project/Content/' took 0.00s
[2020.02.25-20.48.50:095][  0]LogCook: Display: Max memory allowance for cook 16384mb min free memory 0mb
[2020.02.25-20.48.50:095][  0]LogCook: Display: Mobile HDR setting 1
[2020.02.25-20.48.50:635][  0]SourceControl: Source control is disabled
[2020.02.25-20.48.50:635][  0]Cmd: MAP LOAD FILE="../../../../../UE4 Projects/3DModels-UnrealEngine/Project/Content/StarterContent/Maps/Minimal_Default.umap" TEMPLATE=0 SHOWPROGRESS=1 FEATURELEVEL=3
[2020.02.25-20.48.50:636][  0]LightingResults: New page: Lighting Build
[2020.02.25-20.48.50:636][  0]LogWorld: UWorld::CleanupWorld for Untitled, bSessionEnded=true, bCleanupResources=true
[2020.02.25-20.48.50:636][  0]LogSlate: InvalidateAllWidgets triggered.  All widgets were invalidated
[2020.02.25-20.48.50:636][  0]MapCheck: New page: Map Check
[2020.02.25-20.48.50:636][  0]LightingResults: New page: Lighting Build
[2020.02.25-20.48.50:668][  0]LogUObjectHash: Compacting FUObjectHashTables data took   1.69ms
[2020.02.25-20.48.51:276][  0]LogStaticMesh: Building static mesh Floor_400x400...
[2020.02.25-20.48.51:277][  0]LogStaticMesh: Built static mesh [0.00s] /Game/StarterContent/Architecture/Floor_400x400.Floor_400x400
[2020.02.25-20.48.51:762][  0]LogAIModule: Creating AISystem for world Minimal_Default
[2020.02.25-20.48.51:818][  0]LogEditorServer: Finished looking for orphan Actors (0.000 secs)
[2020.02.25-20.48.51:850][  0]LogUObjectHash: Compacting FUObjectHashTables data took   2.00ms
[2020.02.25-20.48.51:851][  0]Cmd: MAP CHECKDEP NOCLEARLOG
[2020.02.25-20.48.51:851][  0]MapCheck: Map check complete: 0 Error(s), 0 Warning(s), took 0,072ms to complete.
[2020.02.25-20.48.51:851][  0]LogFileHelpers: Loading map 'Minimal_Default' took 1.216
[2020.02.25-20.48.52:079][  0]LogSlate: Updating window title bar state: overlay mode, drag disabled, window buttons hidden, title bar hidden
[2020.02.25-20.48.52:085][  0]LogSlate: Updating window title bar state: overlay mode, drag disabled, window buttons hidden, title bar hidden
[2020.02.25-20.48.52:091][  0]LogSlate: Updating window title bar state: overlay mode, drag disabled, window buttons hidden, title bar hidden
[2020.02.25-20.48.52:097][  0]LogSlate: Updating window title bar state: overlay mode, drag disabled, window buttons hidden, title bar hidden
[2020.02.25-20.48.52:101][  0]LogCollectionManager: Loaded 0 collections in 0.000780 seconds
[2020.02.25-20.48.52:114][  0]LogFileCache: Scanning file cache for directory 'D:/UE4 Projects/3DModels-UnrealEngine/Project/Saved/Collections/' took 0.00s
[2020.02.25-20.48.52:114][  0]LogFileCache: Scanning file cache for directory 'D:/UE4 Projects/3DModels-UnrealEngine/Project/Content/Developers/Mikhail/Collections/' took 0.00s
[2020.02.25-20.48.52:114][  0]LogFileCache: Scanning file cache for directory 'D:/UE4 Projects/3DModels-UnrealEngine/Project/Content/Collections/' took 0.00s
[2020.02.25-20.48.52:114][  0]LogContentBrowser: Native class hierarchy populated in 0.0085 seconds. Added 3015 classes and 717 folders.
[2020.02.25-20.48.52:116][  0]LogContentBrowser: Native class hierarchy updated for 'WidgetCarousel' in 0.0002 seconds. Added 0 classes and 0 folders.
[2020.02.25-20.48.53:723][  0]LogContentBrowser: Native class hierarchy updated for 'AddContentDialog' in 0.0002 seconds. Added 0 classes and 0 folders.
[2020.02.25-20.48.53:727][  0]LogContentBrowser: Native class hierarchy updated for 'SceneOutliner' in 0.0003 seconds. Added 2 classes and 3 folders.
[2020.02.25-20.48.53:815][  0]LogSlate: Took 0.000134 seconds to synchronously load lazily loaded font '../../../Engine/Content/Slate/Fonts/Roboto-Regular.ttf' (155K)
[2020.02.25-20.48.53:817][  0]LogSlate: Took 0.000109 seconds to synchronously load lazily loaded font '../../../Engine/Content/Slate/Fonts/Roboto-Bold.ttf' (160K)
[2020.02.25-20.48.53:839][  0]LogSlate: Took 0.017754 seconds to synchronously load lazily loaded font '../../../Engine/Content/Editor/Slate/Fonts/FontAwesome.ttf' (139K)
[2020.02.25-20.48.54:014][  0]LogRenderer: Reallocating scene render targets to support 996x508 Format 10 NumSamples 1 (Frame:1).
[2020.02.25-20.48.54:092][  0]LogContentBrowser: Native class hierarchy updated for 'HierarchicalLODOutliner' in 0.0003 seconds. Added 0 classes and 0 folders.
[2020.02.25-20.48.54:092][  0]LogLoad: (Engine Initialization) Total time: 10.67 seconds
[2020.02.25-20.48.54:092][  0]LogLoad: (Engine Initialization) Total Blueprint compile time: 0.00 seconds
[2020.02.25-20.48.54:301][  0]LoadErrors: Error: /Game/StarterContent/Maps/Minimal_Default_BuiltData  : Failed import for MapBuildDataRegistry /Game/Walker/Catapult/Catapult_BuiltData.Catapult_BuiltData Referenced by export ObjectRedirector /Game/StarterContent/Maps/Minimal_Default_BuiltData.Minimal_Default_BuiltData
[2020.02.25-20.48.54:301][  0]LoadErrors: Error: /Game/StarterContent/Maps/Minimal_Default  : Failed import for MapBuildDataRegistry /Game/StarterContent/Maps/Minimal_Default_BuiltData.Minimal_Default_BuiltData  [redirection] in /Game/StarterContent/Maps/Minimal_Default Referenced by export Level /Game/StarterContent/Maps/Minimal_Default.Minimal_Default:PersistentLevel
[2020.02.25-20.48.54:328][  0]LogAssetRegistry: Asset discovery search completed in 7.9093 seconds
[2020.02.25-20.48.54:331][  0]LogCollectionManager: Fixed up redirectors for 0 collections in 0.000006 seconds (updated 0 objects)
[2020.02.25-20.48.54:331][  0]LogContentStreaming: Texture pool size now 1000 MB
[2020.02.25-20.48.54:441][  0]LogSlate: Took 0.020216 seconds to synchronously load lazily loaded font '../../../Engine/Content/Slate/Fonts/Roboto-Light.ttf' (167K)
[2020.02.25-20.48.59:090][539]LogSlate: Window 'Message Log' being destroyed
[2020.02.25-20.48.59:094][539]LogSlate: Window 'Message Log' being destroyed
[2020.02.25-20.49.03:932][113]LogSlate: Took 0.000144 seconds to synchronously load lazily loaded font '../../../Engine/Content/Slate/Fonts/Roboto-Light.ttf' (167K)
[2020.02.25-20.49.03:977][113]LogAIModule: Creating AISystem for world Catapult
[2020.02.25-20.49.03:978][113]LogAssetEditorSubsystem: Opening Asset editor for World /Game/Walker/Catapult/Catapult.Catapult
[2020.02.25-20.49.04:009][113]LogUObjectHash: Compacting FUObjectHashTables data took   1.27ms
[2020.02.25-20.49.04:011][113]Cmd: MAP LOAD FILE="../../../../../UE4 Projects/3DModels-UnrealEngine/Project/Content/Walker/Catapult/Catapult.umap" TEMPLATE=0 SHOWPROGRESS=1 FEATURELEVEL=3
[2020.02.25-20.49.04:011][113]LightingResults: New page: Lighting Build
[2020.02.25-20.49.04:012][113]LoadErrors: New page: Loading map: Catapult.umap
[2020.02.25-20.49.04:012][113]LogWorld: UWorld::CleanupWorld for Minimal_Default, bSessionEnded=true, bCleanupResources=true
[2020.02.25-20.49.04:012][113]LogSlate: InvalidateAllWidgets triggered.  All widgets were invalidated
[2020.02.25-20.49.04:012][113]MapCheck: New page: Map Check
[2020.02.25-20.49.04:012][113]LightingResults: New page: Lighting Build
[2020.02.25-20.49.04:045][113]LogUObjectHash: Compacting FUObjectHashTables data took   1.73ms
[2020.02.25-20.49.04:125][113]LogEditorServer: Finished looking for orphan Actors (0.000 secs)
[2020.02.25-20.49.04:157][113]LogUObjectHash: Compacting FUObjectHashTables data took   1.56ms
[2020.02.25-20.49.04:164][113]Cmd: MAP CHECKDEP NOCLEARLOG
[2020.02.25-20.49.04:164][113]MapCheck: Map check complete: 0 Error(s), 0 Warning(s), took 0,072ms to complete.
[2020.02.25-20.49.04:164][113]LogFileHelpers: Loading map 'Catapult' took 0.154
[2020.02.25-20.49.10:261][816]LogAIModule: Creating AISystem for world Ballista
[2020.02.25-20.49.10:263][816]LogAssetEditorSubsystem: Opening Asset editor for World /Game/Walker/Ballista/Ballista.Ballista
[2020.02.25-20.49.10:293][816]LogUObjectHash: Compacting FUObjectHashTables data took   1.27ms
[2020.02.25-20.49.10:294][816]Cmd: MAP LOAD FILE="../../../../../UE4 Projects/3DModels-UnrealEngine/Project/Content/Walker/Ballista/Ballista.umap" TEMPLATE=0 SHOWPROGRESS=1 FEATURELEVEL=3
[2020.02.25-20.49.10:294][816]LightingResults: New page: Lighting Build
[2020.02.25-20.49.10:295][816]LoadErrors: New page: Loading map: Ballista.umap
[2020.02.25-20.49.10:295][816]LogWorld: UWorld::CleanupWorld for Catapult, bSessionEnded=true, bCleanupResources=true
[2020.02.25-20.49.10:295][816]LogSlate: InvalidateAllWidgets triggered.  All widgets were invalidated
[2020.02.25-20.49.10:295][816]MapCheck: New page: Map Check
[2020.02.25-20.49.10:295][816]LightingResults: New page: Lighting Build
[2020.02.25-20.49.10:328][816]LogUObjectHash: Compacting FUObjectHashTables data took   1.73ms
[2020.02.25-20.49.10:406][816]LogEditorServer: Finished looking for orphan Actors (0.000 secs)
[2020.02.25-20.49.10:438][816]LogUObjectHash: Compacting FUObjectHashTables data took   1.57ms
[2020.02.25-20.49.10:444][816]Cmd: MAP CHECKDEP NOCLEARLOG
[2020.02.25-20.49.10:444][816]MapCheck: Map check complete: 0 Error(s), 0 Warning(s), took 0,074ms to complete.
[2020.02.25-20.49.10:444][816]LogFileHelpers: Loading map 'Ballista' took 0.151
[2020.02.25-20.49.12:406][ 42]LogUObjectHash: Compacting FUObjectHashTables data took   0.65ms
[2020.02.25-20.49.12:422][ 42]LogSlate: Window 'Project - Unreal Editor' being destroyed
[2020.02.25-20.49.12:423][ 42]LogWindowsTextInputMethodSystem: Display: IME system now deactivated.
[2020.02.25-20.49.12:509][ 43]Cmd: QUIT_EDITOR
[2020.02.25-20.49.12:509][ 43]LogCore: Engine exit requested (reason: UUnrealEdEngine::CloseEditor())
[2020.02.25-20.49.12:518][ 43]LogCore: Engine exit requested (reason: EngineExit() was called; note: exit was already requested)
[2020.02.25-20.49.12:518][ 43]LogAudioMixer: Display: No commands were queued while flushing the source manager.
[2020.02.25-20.49.12:537][ 43]LogExit: Preparing to exit.
[2020.02.25-20.49.13:743][ 43]LogDemo: Cleaned up 0 splitscreen connections with owner deletion
[2020.02.25-20.49.13:750][ 43]LogWorld: UWorld::CleanupWorld for None, bSessionEnded=true, bCleanupResources=true
[2020.02.25-20.49.13:750][ 43]LogExit: Editor shut down
[2020.02.25-20.49.13:750][ 43]LogExit: Transaction tracking system shut down
[2020.02.25-20.49.13:968][ 43]LogExit: Object subsystem successfully closed.
[2020.02.25-20.49.13:996][ 43]LogShaderCompilers: Display: Shaders left to compile 0
[2020.02.25-20.49.14:007][ 43]LogModuleManager: Shutting down and abandoning module HierarchicalLODOutliner (698)
[2020.02.25-20.49.14:007][ 43]LogModuleManager: Shutting down and abandoning module SceneOutliner (696)
[2020.02.25-20.49.14:007][ 43]LogModuleManager: Shutting down and abandoning module AddContentDialog (694)
[2020.02.25-20.49.14:007][ 43]LogModuleManager: Shutting down and abandoning module WidgetCarousel (693)
[2020.02.25-20.49.14:007][ 43]LogModuleManager: Shutting down and abandoning module EditorWidgets (690)
[2020.02.25-20.49.14:007][ 43]LogModuleManager: Shutting down and abandoning module CollectionManager (688)
[2020.02.25-20.49.14:008][ 43]LogModuleManager: Shutting down and abandoning module MeshBuilder (686)
[2020.02.25-20.49.14:008][ 43]LogModuleManager: Shutting down and abandoning module StatsViewer (684)
[2020.02.25-20.49.14:008][ 43]LogModuleManager: Shutting down and abandoning module VirtualTexturingEditor (682)
[2020.02.25-20.49.14:008][ 43]LogModuleManager: Shutting down and abandoning module FoliageEdit (680)
[2020.02.25-20.49.14:008][ 43]LogModuleManager: Shutting down and abandoning module LandscapeEditor (678)
[2020.02.25-20.49.14:008][ 43]LogModuleManager: Shutting down and abandoning module MeshPaintMode (676)
[2020.02.25-20.49.14:008][ 43]LogModuleManager: Shutting down and abandoning module SceneDepthPickerMode (674)
[2020.02.25-20.49.14:008][ 43]LogModuleManager: Shutting down and abandoning module ActorPickerMode (672)
[2020.02.25-20.49.14:008][ 43]LogModuleManager: Shutting down and abandoning module GeometryMode (670)
[2020.02.25-20.49.14:008][ 43]LogModuleManager: Shutting down and abandoning module TextureAlignMode (668)
[2020.02.25-20.49.14:008][ 43]LogModuleManager: Shutting down and abandoning module BspMode (666)
[2020.02.25-20.49.14:008][ 43]LogModuleManager: Shutting down and abandoning module PIEPreviewDeviceProfileSelector (664)
[2020.02.25-20.49.14:008][ 43]LogModuleManager: Shutting down and abandoning module SequenceRecorderSections (662)
[2020.02.25-20.49.14:008][ 43]LogModuleManager: Shutting down and abandoning module AutomationWorker (660)
[2020.02.25-20.49.14:008][ 43]LogModuleManager: Shutting down and abandoning module SteamVREditor (658)
[2020.02.25-20.49.14:008][ 43]LogModuleManager: Shutting down and abandoning module OculusMR (656)
[2020.02.25-20.49.14:008][ 43]LogModuleManager: Shutting down and abandoning module AudioCaptureEditor (654)
[2020.02.25-20.49.14:008][ 43]LogModuleManager: Shutting down and abandoning module MatineeToLevelSequence (652)
[2020.02.25-20.49.14:008][ 43]LogModuleManager: Shutting down and abandoning module LevelSequenceEditor (650)
[2020.02.25-20.49.14:008][ 43]LogModuleManager: Shutting down and abandoning module PlacementMode (649)
[2020.02.25-20.49.14:008][ 43]LogModuleManager: Shutting down and abandoning module MaterialEditor (648)
[2020.02.25-20.49.14:008][ 43]LogModuleManager: Shutting down and abandoning module ActorSequenceEditor (644)
[2020.02.25-20.49.14:008][ 43]LogModuleManager: Shutting down and abandoning module WmfMediaFactory (642)
[2020.02.25-20.49.14:008][ 43]LogModuleManager: Shutting down and abandoning module WmfMediaEditor (640)
[2020.02.25-20.49.14:008][ 43]LogModuleManager: Shutting down and abandoning module WebMMediaFactory (638)
[2020.02.25-20.49.14:008][ 43]LogModuleManager: Shutting down and abandoning module WebMMediaEditor (636)
[2020.02.25-20.49.14:008][ 43]LogModuleManager: Shutting down and abandoning module WebMMedia (634)
[2020.02.25-20.49.14:008][ 43]LogModuleManager: Shutting down and abandoning module MediaPlayerEditor (632)
[2020.02.25-20.49.14:008][ 43]LogModuleManager: Shutting down and abandoning module MediaCompositingEditor (630)
[2020.02.25-20.49.14:008][ 43]LogModuleManager: Shutting down and abandoning module SequenceRecorder (629)
[2020.02.25-20.49.14:008][ 43]LogModuleManager: Shutting down and abandoning module OpenExrWrapper (626)
[2020.02.25-20.49.14:008][ 43]LogModuleManager: Shutting down and abandoning module ImgMediaFactory (624)
[2020.02.25-20.49.14:008][ 43]LogModuleManager: Shutting down and abandoning module ImgMediaEditor (622)
[2020.02.25-20.49.14:008][ 43]LogModuleManager: Shutting down and abandoning module AvfMediaFactory (620)
[2020.02.25-20.49.14:008][ 43]LogModuleManager: Shutting down and abandoning module AvfMediaEditor (618)
[2020.02.25-20.49.14:008][ 43]LogModuleManager: Shutting down and abandoning module AndroidMediaFactory (616)
[2020.02.25-20.49.14:008][ 43]LogModuleManager: Shutting down and abandoning module AndroidMediaEditor (614)
[2020.02.25-20.49.14:008][ 43]LogModuleManager: Shutting down and abandoning module MagicLeapMediaCodecFactory (612)
[2020.02.25-20.49.14:008][ 43]LogModuleManager: Shutting down and abandoning module MagicLeapMediaFactory (610)
[2020.02.25-20.49.14:008][ 43]LogModuleManager: Shutting down and abandoning module MagicLeapMediaEditor (608)
[2020.02.25-20.49.14:008][ 43]LogModuleManager: Shutting down and abandoning module CharacterAI (606)
[2020.02.25-20.49.14:008][ 43]LogModuleManager: Shutting down and abandoning module SmartSnapping (604)
[2020.02.25-20.49.14:008][ 43]LogModuleManager: Shutting down and abandoning module SessionServices (602)
[2020.02.25-20.49.14:008][ 43]LogModuleManager: Shutting down and abandoning module MeshPaint (600)
[2020.02.25-20.49.14:009][ 43]LogModuleManager: Shutting down and abandoning module ViewportSnapping (598)
[2020.02.25-20.49.14:009][ 43]LogModuleManager: Shutting down and abandoning module ViewportInteraction (596)
[2020.02.25-20.49.14:009][ 43]LogModuleManager: Shutting down and abandoning module ClothPainter (594)
[2020.02.25-20.49.14:009][ 43]LogModuleManager: Shutting down and abandoning module SkeletalMeshEditor (593)
[2020.02.25-20.49.14:009][ 43]LogModuleManager: Shutting down and abandoning module LogVisualizer (590)
[2020.02.25-20.49.14:009][ 43]LogModuleManager: Shutting down and abandoning module IntroTutorials (588)
[2020.02.25-20.49.14:009][ 43]LogModuleManager: Shutting down and abandoning module GameProjectGeneration (587)
[2020.02.25-20.49.14:009][ 43]LogModuleManager: Shutting down and abandoning module LuminPlatformEditor (584)
[2020.02.25-20.49.14:009][ 43]LogModuleManager: Shutting down and abandoning module IOSPlatformEditor (582)
[2020.02.25-20.49.14:009][ 43]LogModuleManager: Shutting down and abandoning module AndroidPlatformEditor (580)
[2020.02.25-20.49.14:009][ 43]LogModuleManager: Shutting down and abandoning module AndroidDeviceDetection (579)
[2020.02.25-20.49.14:884][ 43]LogModuleManager: Shutting down and abandoning module WindowsPlatformEditor (576)
[2020.02.25-20.49.14:884][ 43]LogModuleManager: Shutting down and abandoning module LuminRuntimeSettings (574)
[2020.02.25-20.49.14:884][ 43]LogModuleManager: Shutting down and abandoning module IOSRuntimeSettings (572)
[2020.02.25-20.49.14:884][ 43]LogModuleManager: Shutting down and abandoning module AndroidRuntimeSettings (570)
[2020.02.25-20.49.14:884][ 43]LogModuleManager: Shutting down and abandoning module EditorInteractiveToolsFramework (568)
[2020.02.25-20.49.14:884][ 43]LogModuleManager: Shutting down and abandoning module TimeManagementEditor (566)
[2020.02.25-20.49.14:884][ 43]LogModuleManager: Shutting down and abandoning module InputBindingEditor (564)
[2020.02.25-20.49.14:884][ 43]LogModuleManager: Shutting down and abandoning module MergeActors (562)
[2020.02.25-20.49.14:884][ 43]LogModuleManager: Shutting down and abandoning module LocalizationDashboard (560)
[2020.02.25-20.49.14:884][ 43]LogModuleManager: Shutting down and abandoning module LocalizationService (559)
[2020.02.25-20.49.14:884][ 43]LogModuleManager: Shutting down and abandoning module HardwareTargeting (556)
[2020.02.25-20.49.14:884][ 43]LogModuleManager: Shutting down and abandoning module DeviceProfileEditor (554)
[2020.02.25-20.49.14:884][ 43]LogModuleManager: Shutting down and abandoning module UndoHistory (552)
[2020.02.25-20.49.14:884][ 43]LogModuleManager: Shutting down and abandoning module XmlParser (550)
[2020.02.25-20.49.14:884][ 43]LogModuleManager: Shutting down and abandoning module Blutility (548)
[2020.02.25-20.49.14:884][ 43]LogModuleManager: Shutting down and abandoning module ProjectSettingsViewer (546)
[2020.02.25-20.49.14:885][ 43]LogModuleManager: Shutting down and abandoning module ProjectTargetPlatformEditor (545)
[2020.02.25-20.49.14:885][ 43]LogModuleManager: Shutting down and abandoning module EditorSettingsViewer (542)
[2020.02.25-20.49.14:885][ 43]LogModuleManager: Shutting down and abandoning module SettingsEditor (540)
[2020.02.25-20.49.14:885][ 43]LogModuleManager: Shutting down and abandoning module ProjectLauncher (538)
[2020.02.25-20.49.14:885][ 43]LogModuleManager: Shutting down and abandoning module SessionFrontend (536)
[2020.02.25-20.49.14:885][ 43]LogModuleManager: Shutting down and abandoning module ProfilerClient (534)
[2020.02.25-20.49.14:885][ 43]LogModuleManager: Shutting down and abandoning module DeviceManager (532)
[2020.02.25-20.49.14:885][ 43]LogModuleManager: Shutting down and abandoning module TargetDeviceServices (531)
[2020.02.25-20.49.14:918][ 43]LogModuleManager: Shutting down and abandoning module AutomationController (528)
[2020.02.25-20.49.14:918][ 43]LogModuleManager: Shutting down and abandoning module AutomationWindow (526)
[2020.02.25-20.49.14:918][ 43]LogModuleManager: Shutting down and abandoning module Layers (524)
[2020.02.25-20.49.14:918][ 43]LogModuleManager: Shutting down and abandoning module ComponentVisualizers (522)
[2020.02.25-20.49.14:918][ 43]LogModuleManager: Shutting down and abandoning module DetailCustomizations (520)
[2020.02.25-20.49.14:918][ 43]LogModuleManager: Shutting down and abandoning module PackagesDialog (518)
[2020.02.25-20.49.14:918][ 43]LogModuleManager: Shutting down and abandoning module AnimationBlueprintEditor (516)
[2020.02.25-20.49.14:918][ 43]LogModuleManager: Shutting down and abandoning module Persona (514)
[2020.02.25-20.49.14:918][ 43]LogModuleManager: Shutting down and abandoning module AdvancedPreviewScene (513)
[2020.02.25-20.49.14:918][ 43]LogModuleManager: Shutting down and abandoning module AnimGraph (511)
[2020.02.25-20.49.14:918][ 43]LogModuleManager: Shutting down and abandoning module Kismet (508)
[2020.02.25-20.49.14:918][ 43]LogModuleManager: Shutting down and abandoning module KismetWidgets (507)
[2020.02.25-20.49.14:918][ 43]LogModuleManager: Shutting down and abandoning module GraphEditor (504)
[2020.02.25-20.49.14:918][ 43]LogModuleManager: Shutting down and abandoning module StructViewer (502)
[2020.02.25-20.49.14:918][ 43]LogModuleManager: Shutting down and abandoning module ClassViewer (500)
[2020.02.25-20.49.14:918][ 43]LogModuleManager: Shutting down and abandoning module Toolbox (498)
[2020.02.25-20.49.14:918][ 43]LogModuleManager: Shutting down and abandoning module ModuleUI (496)
[2020.02.25-20.49.14:918][ 43]LogModuleManager: Shutting down and abandoning module OutputLog (494)
[2020.02.25-20.49.14:918][ 43]LogModuleManager: Shutting down and abandoning module GammaUI (492)
[2020.02.25-20.49.14:918][ 43]LogModuleManager: Shutting down and abandoning module Documentation (490)
[2020.02.25-20.49.14:918][ 43]LogModuleManager: Shutting down and abandoning module ToolMenus (488)
[2020.02.25-20.49.14:918][ 43]LogModuleManager: Shutting down and abandoning module LiveCoding (486)
[2020.02.25-20.49.14:918][ 43]LogModuleManager: Shutting down and abandoning module LevelSequence (484)
[2020.02.25-20.49.14:919][ 43]LogModuleManager: Shutting down and abandoning module MovieSceneTracks (482)
[2020.02.25-20.49.14:919][ 43]LogModuleManager: Shutting down and abandoning module MovieScene (480)
[2020.02.25-20.49.14:919][ 43]LogModuleManager: Shutting down and abandoning module StreamingPauseRendering (478)
[2020.02.25-20.49.14:919][ 43]LogModuleManager: Shutting down and abandoning module LauncherPlatform (476)
[2020.02.25-20.49.14:919][ 43]LogModuleManager: Shutting down and abandoning module AnalyticsET (474)
[2020.02.25-20.49.14:919][ 43]LogModuleManager: Shutting down and abandoning module PortalServices (472)
[2020.02.25-20.49.14:919][ 43]LogModuleManager: Shutting down and abandoning module PortalRpc (470)
[2020.02.25-20.49.14:919][ 43]LogModuleManager: Shutting down and abandoning module MessagingRpc (468)
[2020.02.25-20.49.14:919][ 43]LogModuleManager: Shutting down and abandoning module AudioMixerXAudio2 (466)
[2020.02.25-20.49.14:919][ 43]LogModuleManager: Shutting down and abandoning module AIModule (464)
[2020.02.25-20.49.14:919][ 43]LogModuleManager: Shutting down and abandoning module GameplayDebugger (463)
[2020.02.25-20.49.14:919][ 43]LogModuleManager: Shutting down and abandoning module AITestSuite (461)
[2020.02.25-20.49.14:919][ 43]LogModuleManager: Shutting down and abandoning module NavigationSystem (459)
[2020.02.25-20.49.14:919][ 43]LogModuleManager: Shutting down and abandoning module ImageWriteQueue (456)
[2020.02.25-20.49.14:921][ 43]LogModuleManager: Shutting down and abandoning module ProfilerService (454)
[2020.02.25-20.49.14:959][ 43]LogModuleManager: Shutting down and abandoning module TaskGraph (452)
[2020.02.25-20.49.14:959][ 43]LogModuleManager: Shutting down and abandoning module ScreenshotTools (450)
[2020.02.25-20.49.14:959][ 43]LogModuleManager: Shutting down and abandoning module ProceduralMeshComponentEditor (448)
[2020.02.25-20.49.14:959][ 43]LogModuleManager: Shutting down and abandoning module ProceduralMeshComponent (446)
[2020.02.25-20.49.14:959][ 43]LogModuleManager: Shutting down and abandoning module OculusEditor (444)
[2020.02.25-20.49.14:959][ 43]LogModuleManager: Shutting down and abandoning module OculusInput (442)
[2020.02.25-20.49.14:959][ 43]LogModuleManager: Shutting down and abandoning module MobilePatchingUtils (440)
[2020.02.25-20.49.14:959][ 43]LogModuleManager: Shutting down and abandoning module EditableMesh (438)
[2020.02.25-20.49.14:959][ 43]LogModuleManager: Shutting down and abandoning module CustomMeshComponent (436)
[2020.02.25-20.49.14:959][ 43]LogModuleManager: Shutting down and abandoning module CableComponent (434)
[2020.02.25-20.49.14:959][ 43]LogModuleManager: Shutting down and abandoning module AudioCapture (432)
[2020.02.25-20.49.14:959][ 43]LogModuleManager: Shutting down and abandoning module AudioCaptureRtAudio (431)
[2020.02.25-20.49.14:959][ 43]LogModuleManager: Shutting down and abandoning module AssetTags (428)
[2020.02.25-20.49.14:959][ 43]LogModuleManager: Shutting down and abandoning module ArchVisCharacter (426)
[2020.02.25-20.49.14:959][ 43]LogModuleManager: Shutting down and abandoning module AppleImageUtilsBlueprintSupport (424)
[2020.02.25-20.49.14:959][ 43]LogModuleManager: Shutting down and abandoning module AppleImageUtils (422)
[2020.02.25-20.49.14:959][ 43]LogModuleManager: Shutting down and abandoning module AndroidPermission (420)
[2020.02.25-20.49.14:959][ 43]LogModuleManager: Shutting down and abandoning module NUTUnrealEngine4 (418)
[2020.02.25-20.49.14:959][ 43]LogModuleManager: Shutting down and abandoning module NetcodeUnitTest (416)
[2020.02.25-20.49.14:959][ 43]LogModuleManager: Shutting down and abandoning module MediaCompositing (414)
[2020.02.25-20.49.14:959][ 43]LogModuleManager: Shutting down and abandoning module ImgMedia (412)
[2020.02.25-20.49.14:959][ 43]LogModuleManager: Shutting down and abandoning module MagicLeapHelperVulkan (410)
[2020.02.25-20.49.14:959][ 43]LogModuleManager: Shutting down and abandoning module MagicLeapHelperOpenGL (408)
[2020.02.25-20.49.14:959][ 43]LogModuleManager: Shutting down and abandoning module MagicLeapAudio (406)
[2020.02.25-20.49.14:959][ 43]LogModuleManager: Shutting down and abandoning module GeometryCacheTracks (404)
[2020.02.25-20.49.14:959][ 43]LogModuleManager: Shutting down and abandoning module GeometryCacheSequencer (402)
[2020.02.25-20.49.14:960][ 43]LogModuleManager: Shutting down and abandoning module BackChannel (400)
[2020.02.25-20.49.14:960][ 43]LogModuleManager: Shutting down and abandoning module AutomationUtilsEditor (398)
[2020.02.25-20.49.14:960][ 43]LogModuleManager: Shutting down and abandoning module AutomationUtils (396)
[2020.02.25-20.49.14:960][ 43]LogModuleManager: Shutting down and abandoning module AlembicImporter (394)
[2020.02.25-20.49.14:960][ 43]LogModuleManager: Shutting down and abandoning module AlembicLibrary (393)
[2020.02.25-20.49.14:960][ 43]LogModuleManager: Shutting down and abandoning module GeometryCache (392)
[2020.02.25-20.49.14:960][ 43]LogModuleManager: Shutting down and abandoning module GeometryCacheEd (391)
[2020.02.25-20.49.14:960][ 43]LogModuleManager: Shutting down and abandoning module VariantManagerContentEditor (386)
[2020.02.25-20.49.14:960][ 43]LogModuleManager: Shutting down and abandoning module DatasmithContentEditor (384)
[2020.02.25-20.49.14:960][ 43]LogModuleManager: Shutting down and abandoning module SpeedTreeImporter (382)
[2020.02.25-20.49.14:960][ 43]LogModuleManager: Shutting down and abandoning module PluginBrowser (380)
[2020.02.25-20.49.14:960][ 43]LogModuleManager: Shutting down and abandoning module MobileLauncherProfileWizard (378)
[2020.02.25-20.49.14:960][ 43]LogModuleManager: Shutting down and abandoning module MaterialAnalyzer (376)
[2020.02.25-20.49.14:960][ 43]LogModuleManager: Shutting down and abandoning module CurveEditorTools (374)
[2020.02.25-20.49.14:960][ 43]LogModuleManager: Shutting down and abandoning module CryptoKeysOpenSSL (372)
[2020.02.25-20.49.14:960][ 43]LogModuleManager: Shutting down and abandoning module CryptoKeys (370)
[2020.02.25-20.49.14:960][ 43]LogModuleManager: Shutting down and abandoning module VisualStudioSourceCodeAccess (368)
[2020.02.25-20.49.14:960][ 43]LogModuleManager: Shutting down and abandoning module VisualStudioCodeSourceCodeAccess (366)
[2020.02.25-20.49.14:960][ 43]LogModuleManager: Shutting down and abandoning module UObjectPlugin (364)
[2020.02.25-20.49.14:960][ 43]LogModuleManager: Shutting down and abandoning module SubversionSourceControl (362)
[2020.02.25-20.49.14:960][ 43]LogModuleManager: Shutting down and abandoning module PlasticSourceControl (360)
[2020.02.25-20.49.14:960][ 43]LogModuleManager: Shutting down and abandoning module PerforceSourceControl (358)
[2020.02.25-20.49.14:960][ 43]LogModuleManager: Shutting down and abandoning module GitSourceControl (356)
[2020.02.25-20.49.14:960][ 43]LogModuleManager: Shutting down and abandoning module SourceControl (355)
[2020.02.25-20.49.14:960][ 43]LogModuleManager: Shutting down and abandoning module CLionSourceCodeAccess (352)
[2020.02.25-20.49.14:960][ 43]LogModuleManager: Shutting down and abandoning module AnimationSharingEd (350)
[2020.02.25-20.49.14:960][ 43]LogModuleManager: Shutting down and abandoning module ActorLayerUtilitiesEditor (348)
[2020.02.25-20.49.14:960][ 43]LogModuleManager: Shutting down and abandoning module ActorLayerUtilities (346)
[2020.02.25-20.49.14:960][ 43]LogModuleManager: Shutting down and abandoning module LightPropagationVolumeEditor (344)
[2020.02.25-20.49.14:960][ 43]LogModuleManager: Shutting down and abandoning module PaperTiledImporter (342)
[2020.02.25-20.49.14:960][ 43]LogModuleManager: Shutting down and abandoning module PaperSpriteSheetImporter (340)
[2020.02.25-20.49.14:960][ 43]LogModuleManager: Shutting down and abandoning module Paper2DEditor (338)
[2020.02.25-20.49.14:960][ 43]LogModuleManager: Shutting down and abandoning module SignificanceManager (336)
[2020.02.25-20.49.14:960][ 43]LogModuleManager: Shutting down and abandoning module RuntimePhysXCooking (334)
[2020.02.25-20.49.14:960][ 43]LogModuleManager: Shutting down and abandoning module PhysXVehiclesEditor (332)
[2020.02.25-20.49.14:960][ 43]LogModuleManager: Shutting down and abandoning module LocationServicesBPLibrary (328)
[2020.02.25-20.49.14:960][ 43]LogModuleManager: Shutting down and abandoning module ActorSequence (326)
[2020.02.25-20.49.14:960][ 43]LogModuleManager: Shutting down and abandoning module UdpMessaging (324)
[2020.02.25-20.49.15:061][ 43]LogModuleManager: Shutting down and abandoning module TcpMessaging (322)
[2020.02.25-20.49.15:162][ 43]LogModuleManager: Shutting down and abandoning module MagicLeapPrivileges (320)
[2020.02.25-20.49.15:162][ 43]LogModuleManager: Shutting down and abandoning module MagicLeapPlanes (318)
[2020.02.25-20.49.15:162][ 43]LogMagicLeapPlanes: Planes tracker already destroyed.
[2020.02.25-20.49.15:162][ 43]LogModuleManager: Shutting down and abandoning module MagicLeapIdentity (316)
[2020.02.25-20.49.15:162][ 43]LogModuleManager: Shutting down and abandoning module MagicLeapSecureStorage (314)
[2020.02.25-20.49.15:162][ 43]LogModuleManager: Shutting down and abandoning module MagicLeapImageTracker (312)
[2020.02.25-20.49.15:162][ 43]LogModuleManager: Shutting down and abandoning module MagicLeapHandTracking (310)
[2020.02.25-20.49.15:162][ 43]LogModuleManager: Shutting down and abandoning module MagicLeapHandMeshing (308)
[2020.02.25-20.49.15:162][ 43]LogModuleManager: Shutting down and abandoning module MagicLeapEyeTracker (306)
[2020.02.25-20.49.15:162][ 43]LogModuleManager: Shutting down and abandoning module MagicLeapController (304)
[2020.02.25-20.49.15:162][ 43]LogSlate: Slate User Destroyed.  User Index 0, Is Virtual User: 0
[2020.02.25-20.49.15:162][ 43]LogModuleManager: Shutting down and abandoning module MagicLeapARPin (302)
[2020.02.25-20.49.15:162][ 43]LogModuleManager: Shutting down and abandoning module MagicLeapAR (300)
[2020.02.25-20.49.15:162][ 43]LogModuleManager: Shutting down and abandoning module AugmentedReality (299)
[2020.02.25-20.49.15:162][ 43]LogModuleManager: Shutting down and abandoning module GameplayTagsEditor (296)
[2020.02.25-20.49.15:162][ 43]LogModuleManager: Shutting down and abandoning module FacialAnimationEditor (294)
[2020.02.25-20.49.15:162][ 43]LogModuleManager: Shutting down and abandoning module FacialAnimation (292)
[2020.02.25-20.49.15:162][ 43]LogModuleManager: Shutting down and abandoning module DataValidation (290)
[2020.02.25-20.49.15:162][ 43]LogModuleManager: Shutting down and abandoning module AssetManagerEditor (288)
[2020.02.25-20.49.15:162][ 43]LogModuleManager: Shutting down and abandoning module LevelEditor (287)
[2020.02.25-20.49.15:163][ 43]LogModuleManager: Shutting down and abandoning module PixelInspectorModule (286)
[2020.02.25-20.49.15:163][ 43]LogModuleManager: Shutting down and abandoning module CommonMenuExtensions (284)
[2020.02.25-20.49.15:163][ 43]LogModuleManager: Shutting down and abandoning module MainFrame (282)
[2020.02.25-20.49.15:163][ 43]LogModuleManager: Shutting down and abandoning module HotReload (281)
[2020.02.25-20.49.15:163][ 43]LogModuleManager: Shutting down and abandoning module ContentBrowser (277)
[2020.02.25-20.49.15:164][ 43]LogModuleManager: Shutting down and abandoning module TreeMap (275)
[2020.02.25-20.49.15:164][ 43]LogModuleManager: Shutting down and abandoning module AnimationSharing (272)
[2020.02.25-20.49.15:164][ 43]LogModuleManager: Shutting down and abandoning module LightPropagationVolumeRuntime (270)
[2020.02.25-20.49.15:164][ 43]LogModuleManager: Shutting down and abandoning module Paper2D (268)
[2020.02.25-20.49.15:164][ 43]LogModuleManager: Shutting down and abandoning module WindowsMoviePlayer (266)
[2020.02.25-20.49.15:164][ 43]LogModuleManager: Shutting down and abandoning module WebMMoviePlayer (264)
[2020.02.25-20.49.15:164][ 43]LogModuleManager: Shutting down and abandoning module NetworkReplayStreaming (262)
[2020.02.25-20.49.15:164][ 43]LogModuleManager: Shutting down and abandoning module PacketHandler (260)
[2020.02.25-20.49.15:164][ 43]LogModuleManager: Shutting down and abandoning module ClothingSystemEditor (258)
[2020.02.25-20.49.15:164][ 43]LogModuleManager: Shutting down and abandoning module ClothingSystemRuntimeNv (256)
[2020.02.25-20.49.15:164][ 43]LogModuleManager: Shutting down and abandoning module MediaAssets (254)
[2020.02.25-20.49.15:164][ 43]LogModuleManager: Shutting down and abandoning module Overlay (252)
[2020.02.25-20.49.15:164][ 43]LogModuleManager: Shutting down and abandoning module OverlayEditor (251)
[2020.02.25-20.49.15:164][ 43]LogModuleManager: Shutting down and abandoning module VREditor (248)
[2020.02.25-20.49.15:164][ 43]LogModuleManager: Shutting down and abandoning module StringTableEditor (246)
[2020.02.25-20.49.15:164][ 43]LogModuleManager: Shutting down and abandoning module GameplayTasksEditor (244)
[2020.02.25-20.49.15:164][ 43]LogModuleManager: Shutting down and abandoning module BehaviorTreeEditor (242)
[2020.02.25-20.49.15:164][ 43]LogModuleManager: Shutting down and abandoning module FunctionalTesting (240)
[2020.02.25-20.49.15:164][ 43]LogModuleManager: Shutting down and abandoning module CollisionAnalyzer (238)
[2020.02.25-20.49.15:164][ 43]LogModuleManager: Shutting down and abandoning module WorkspaceMenuStructure (237)
[2020.02.25-20.49.15:165][ 43]LogModuleManager: Shutting down and abandoning module UMG (234)
[2020.02.25-20.49.15:165][ 43]LogModuleManager: Shutting down and abandoning module UMGEditor (233)
[2020.02.25-20.49.15:165][ 43]LogModuleManager: Shutting down and abandoning module MessageLog (231)
[2020.02.25-20.49.15:165][ 43]LogModuleManager: Shutting down and abandoning module SlateReflector (226)
[2020.02.25-20.49.15:165][ 43]LogModuleManager: Shutting down and abandoning module Slate (224)
[2020.02.25-20.49.15:165][ 43]LogModuleManager: Shutting down and abandoning module SlateCore (222)
[2020.02.25-20.49.15:165][ 43]LogModuleManager: Shutting down and abandoning module LandscapeEditorUtilities (220)
[2020.02.25-20.49.15:165][ 43]LogModuleManager: Shutting down and abandoning module UnrealEd (218)
[2020.02.25-20.49.15:165][ 43]LogModuleManager: Shutting down and abandoning module MRMesh (216)
[2020.02.25-20.49.15:165][ 43]LogModuleManager: Shutting down and abandoning module SourceCodeAccess (214)
[2020.02.25-20.49.15:165][ 43]LogModuleManager: Shutting down and abandoning module HeadMountedDisplay (212)
[2020.02.25-20.49.15:165][ 43]LogModuleManager: Shutting down and abandoning module XAudio2 (210)
[2020.02.25-20.49.15:165][ 43]LogModuleManager: Shutting down and abandoning module Networking (208)
[2020.02.25-20.49.15:165][ 43]LogModuleManager: Shutting down and abandoning module Core (206)
[2020.02.25-20.49.15:165][ 43]LogModuleManager: Shutting down and abandoning module MovieSceneTools (204)
[2020.02.25-20.49.15:165][ 43]LogModuleManager: Shutting down and abandoning module CurveEditor (203)
[2020.02.25-20.49.15:165][ 43]LogModuleManager: Shutting down and abandoning module Sequencer (201)
[2020.02.25-20.49.15:165][ 43]LogModuleManager: Shutting down and abandoning module EditorStyle (200)
[2020.02.25-20.49.15:166][ 43]LogModuleManager: Shutting down and abandoning module KismetCompiler (196)
[2020.02.25-20.49.15:166][ 43]LogModuleManager: Shutting down and abandoning module MeshUtilities (194)
[2020.02.25-20.49.15:166][ 43]LogModuleManager: Shutting down and abandoning module MeshMergeUtilities (193)
[2020.02.25-20.49.15:166][ 43]LogModuleManager: Shutting down and abandoning module MeshReductionInterface (192)
[2020.02.25-20.49.15:166][ 43]LogModuleManager: Shutting down and abandoning module MeshBoneReduction (191)
[2020.02.25-20.49.15:166][ 43]LogModuleManager: Shutting down and abandoning module SkeletalMeshReduction (189)
[2020.02.25-20.49.15:166][ 43]LogModuleManager: Shutting down and abandoning module ProxyLODMeshReduction (187)
[2020.02.25-20.49.15:166][ 43]LogModuleManager: Shutting down and abandoning module QuadricMeshReduction (185)
[2020.02.25-20.49.15:166][ 43]LogModuleManager: Shutting down and abandoning module MaterialBaking (181)
[2020.02.25-20.49.15:166][ 43]LogModuleManager: Shutting down and abandoning module NullInstallBundleManager (176)
[2020.02.25-20.49.15:166][ 43]LogModuleManager: Shutting down and abandoning module DerivedDataCache (174)
[2020.02.25-20.49.15:166][ 43]LogDerivedDataCache: Shutdown
[2020.02.25-20.49.15:166][ 43]LogModuleManager: Shutting down and abandoning module XGEController (172)
[2020.02.25-20.49.15:166][ 43]LogModuleManager: Shutting down and abandoning module TargetPlatform (170)
[2020.02.25-20.49.15:166][ 43]LogModuleManager: Shutting down and abandoning module VulkanShaderFormat (169)
[2020.02.25-20.49.15:166][ 43]LogModuleManager: Shutting down and abandoning module ShaderFormatVectorVM (167)
[2020.02.25-20.49.15:166][ 43]LogModuleManager: Shutting down and abandoning module ShaderFormatOpenGL (165)
[2020.02.25-20.49.15:166][ 43]LogModuleManager: Shutting down and abandoning module ShaderFormatD3D (163)
[2020.02.25-20.49.15:166][ 43]LogModuleManager: Shutting down and abandoning module MetalShaderFormat (161)
[2020.02.25-20.49.15:166][ 43]LogModuleManager: Shutting down and abandoning module TextureFormatUncompressed (159)
[2020.02.25-20.49.15:166][ 43]LogModuleManager: Shutting down and abandoning module TextureFormatPVR (157)
[2020.02.25-20.49.15:166][ 43]LogModuleManager: Shutting down and abandoning module TextureFormatDXT (155)
[2020.02.25-20.49.15:166][ 43]LogModuleManager: Shutting down and abandoning module TextureFormatIntelISPCTexComp (153)
[2020.02.25-20.49.15:166][ 43]LogModuleManager: Shutting down and abandoning module TextureFormatASTC (151)
[2020.02.25-20.49.15:166][ 43]LogModuleManager: Shutting down and abandoning module ImageWrapper (150)
[2020.02.25-20.49.15:166][ 43]LogModuleManager: Shutting down and abandoning module TextureFormatAndroid (147)
[2020.02.25-20.49.15:166][ 43]LogModuleManager: Shutting down and abandoning module AudioFormatOpus (145)
[2020.02.25-20.49.15:166][ 43]LogModuleManager: Shutting down and abandoning module AudioFormatOgg (143)
[2020.02.25-20.49.15:166][ 43]LogModuleManager: Shutting down and abandoning module AudioFormatADPCM (141)
[2020.02.25-20.49.15:166][ 43]LogModuleManager: Shutting down and abandoning module WindowsServerTargetPlatform (139)
[2020.02.25-20.49.15:166][ 43]LogModuleManager: Shutting down and abandoning module WindowsClientTargetPlatform (137)
[2020.02.25-20.49.15:166][ 43]LogModuleManager: Shutting down and abandoning module WindowsTargetPlatform (135)
[2020.02.25-20.49.15:166][ 43]LogModuleManager: Shutting down and abandoning module WindowsNoEditorTargetPlatform (133)
[2020.02.25-20.49.15:166][ 43]LogModuleManager: Shutting down and abandoning module TVOSTargetPlatform (131)
[2020.02.25-20.49.15:167][ 43]LogModuleManager: Shutting down and abandoning module LuminTargetPlatform (129)
[2020.02.25-20.49.15:167][ 43]LogModuleManager: Shutting down and abandoning module LinuxAArch64ServerTargetPlatform (127)
[2020.02.25-20.49.15:167][ 43]LogModuleManager: Shutting down and abandoning module LinuxAArch64ClientTargetPlatform (125)
[2020.02.25-20.49.15:167][ 43]LogModuleManager: Shutting down and abandoning module LinuxAArch64NoEditorTargetPlatform (123)
[2020.02.25-20.49.15:167][ 43]LogModuleManager: Shutting down and abandoning module LinuxServerTargetPlatform (121)
[2020.02.25-20.49.15:167][ 43]LogModuleManager: Shutting down and abandoning module LinuxClientTargetPlatform (119)
[2020.02.25-20.49.15:167][ 43]LogModuleManager: Shutting down and abandoning module LinuxNoEditorTargetPlatform (117)
[2020.02.25-20.49.15:167][ 43]LogModuleManager: Shutting down and abandoning module Messaging (115)
[2020.02.25-20.49.15:167][ 43]LogModuleManager: Shutting down and abandoning module IOSTargetPlatform (113)
[2020.02.25-20.49.15:168][ 43]LogModuleManager: Shutting down and abandoning module AndroidTargetPlatform (111)
[2020.02.25-20.49.15:173][ 43]LogModuleManager: Shutting down and abandoning module AllDesktopTargetPlatform (109)
[2020.02.25-20.49.15:173][ 43]LogModuleManager: Shutting down and abandoning module InputCore (106)
[2020.02.25-20.49.15:173][ 43]LogModuleManager: Shutting down and abandoning module Settings (104)
[2020.02.25-20.49.15:173][ 43]LogModuleManager: Shutting down and abandoning module DirectoryWatcher (102)
[2020.02.25-20.49.15:173][ 43]LogModuleManager: Shutting down and abandoning module PhysXCooking (100)
[2020.02.25-20.49.15:173][ 43]LogModuleManager: Shutting down and abandoning module ChaosSolvers (98)
[2020.02.25-20.49.15:173][ 43]LogModuleManager: Shutting down and abandoning module FieldSystemEngine (97)
[2020.02.25-20.49.15:173][ 43]LogModuleManager: Shutting down and abandoning module Chaos (94)
[2020.02.25-20.49.15:173][ 43]LogModuleManager: Shutting down and abandoning module WindowsPlatformFeatures (92)
[2020.02.25-20.49.15:173][ 43]LogModuleManager: Shutting down and abandoning module GameplayMediaEncoder (91)
[2020.02.25-20.49.15:173][ 43]LogModuleManager: Shutting down and abandoning module SteamVRInputDevice (88)
[2020.02.25-20.49.15:173][ 43]LogModuleManager: Shutting down and abandoning module SteamVRInput (86)
[2020.02.25-20.49.15:173][ 43]LogModuleManager: Shutting down and abandoning module SteamVR (84)
[2020.02.25-20.49.15:173][ 43]LogHMD: Freeing OpenVRDLLHandle.
[2020.02.25-20.49.15:173][ 43]LogModuleManager: Shutting down and abandoning module OculusHMD (82)
[2020.02.25-20.49.15:173][ 43]LogModuleManager: Shutting down and abandoning module ExampleDeviceProfileSelector (80)
[2020.02.25-20.49.15:173][ 43]LogModuleManager: Shutting down and abandoning module LauncherChunkInstaller (78)
[2020.02.25-20.49.15:173][ 43]LogModuleManager: Shutting down and abandoning module OnlineBlueprintSupport (76)
[2020.02.25-20.49.15:173][ 43]LogModuleManager: Shutting down and abandoning module OnlineSubsystem (72)
[2020.02.25-20.49.15:174][ 43]LogModuleManager: Shutting down and abandoning module XMPP (67)
[2020.02.25-20.49.15:174][ 43]LogModuleManager: Shutting down and abandoning module WebSockets (66)
[2020.02.25-20.49.15:179][ 43]LogModuleManager: Shutting down and abandoning module HTTP (63)
[2020.02.25-20.49.15:179][ 43]LogHttp: Display: Http module shutting down, but needs to wait on 1 outstanding Http requests:
[2020.02.25-20.49.15:179][ 43]LogHttp: Display: 	verb=[POST] url=[https://datarouter.ol.epicgames.com/datarouter/api/v1/public/data?SessionID=%7B95CB9AE4-4EB9-7A11-68CB-2B90F02F0533%7D&AppID=UEEditor.Rocket.Release&AppVersion=4.24.3-11590370%2B%2B%2BUE4%2BRelease-4.24&UserID=9f51ba8848e04a0e631d9e9ddc0d47c4%7C563197d9521b4546a96d2eee621b9f5c%7C085741dd-3ea8-43b2-ad4a-49339c5dc454&AppEnvironment=datacollector-binary&UploadType=eteventstream] refs=[1] status=Processing
[2020.02.25-20.49.15:197][ 43]LogModuleManager: Shutting down and abandoning module SSL (62)
[2020.02.25-20.49.15:198][ 43]LogModuleManager: Shutting down and abandoning module WmfMedia (58)
[2020.02.25-20.49.15:200][ 43]LogModuleManager: Shutting down and abandoning module Media (57)
[2020.02.25-20.49.15:201][ 43]LogModuleManager: Shutting down and abandoning module MagicLeap (54)
[2020.02.25-20.49.15:201][ 43]LogModuleManager: Shutting down and abandoning module VariantManagerContent (52)
[2020.02.25-20.49.15:201][ 43]LogModuleManager: Shutting down and abandoning module DatasmithContent (50)
[2020.02.25-20.49.15:201][ 43]LogModuleManager: Shutting down and abandoning module AISupportModule (48)
[2020.02.25-20.49.15:201][ 43]LogModuleManager: Shutting down and abandoning module DesktopPlatform (46)
[2020.02.25-20.49.15:201][ 43]LogModuleManager: Shutting down and abandoning module PlatformCryptoOpenSSL (44)
[2020.02.25-20.49.15:201][ 43]LogModuleManager: Shutting down and abandoning module PlatformCryptoTypes (42)
[2020.02.25-20.49.15:201][ 43]LogModuleManager: Shutting down and abandoning module PlatformCrypto (40)
[2020.02.25-20.49.15:201][ 43]LogModuleManager: Shutting down and abandoning module AnimationModifiers (38)
[2020.02.25-20.49.15:201][ 43]LogModuleManager: Shutting down and abandoning module PropertyEditor (37)
[2020.02.25-20.49.15:201][ 43]LogModuleManager: Shutting down and abandoning module AudioEditor (34)
[2020.02.25-20.49.15:202][ 43]LogModuleManager: Shutting down and abandoning module TextureCompressor (32)
[2020.02.25-20.49.15:202][ 43]LogModuleManager: Shutting down and abandoning module RenderCore (30)
[2020.02.25-20.49.15:202][ 43]LogModuleManager: Shutting down and abandoning module Landscape (28)
[2020.02.25-20.49.15:202][ 43]LogModuleManager: Shutting down and abandoning module SlateRHIRenderer (26)
[2020.02.25-20.49.15:203][ 43]LogModuleManager: Shutting down and abandoning module OpenGLDrv (24)
[2020.02.25-20.49.15:203][ 43]LogModuleManager: Shutting down and abandoning module D3D11RHI (22)
[2020.02.25-20.49.15:203][ 43]LogModuleManager: Shutting down and abandoning module AnimGraphRuntime (20)
[2020.02.25-20.49.15:203][ 43]LogModuleManager: Shutting down and abandoning module Renderer (18)
[2020.02.25-20.49.15:203][ 43]LogModuleManager: Shutting down and abandoning module Engine (16)
[2020.02.25-20.49.15:203][ 43]LogModuleManager: Shutting down and abandoning module CoreUObject (14)
[2020.02.25-20.49.15:203][ 43]LogModuleManager: Shutting down and abandoning module NetworkFile (12)
[2020.02.25-20.49.15:203][ 43]LogModuleManager: Shutting down and abandoning module CookedIterativeFile (10)
[2020.02.25-20.49.15:203][ 43]LogModuleManager: Shutting down and abandoning module StreamingFile (8)
[2020.02.25-20.49.15:203][ 43]LogModuleManager: Shutting down and abandoning module SandboxFile (6)
[2020.02.25-20.49.15:203][ 43]LogModuleManager: Shutting down and abandoning module PakFile (4)
[2020.02.25-20.49.15:203][ 43]LogModuleManager: Shutting down and abandoning module RSA (3)
[2020.02.25-20.49.15:205][ 43]LogD3D11RHI: Shutdown
[2020.02.25-20.49.15:205][ 43]LogD3D11RHI: CleanupD3DDevice
[2020.02.25-20.49.15:228][ 43]LogExit: Exiting.
[2020.02.25-20.49.15:246][ 43]Log file closed, 02/25/20 23:49:15
